Using pre-set license
Built from '2020.3/release' branch; Version is '2020.3.31f1 (6b54b7616050) revision 7034039'; Using compiler version '192528614'; Build Type 'Release'
OS: 'Windows 10  (10.0.19042) 64bit CoreSingleLanguage' Language: 'ru' Physical Memory: 7103 MB
BatchMode: 1, IsHumanControllingUs: 0, StartBugReporterOnCrash: 0, Is64bit: 1, IsPro: 0

COMMAND LINE ARGUMENTS:
D:\classes\2020.3.31f1\Editor\Unity.exe
-adb2
-batchMode
-noUpm
-name
AssetImportWorker0
-projectPath
D:/NineLives/NineLives
-logFile
Logs/AssetImportWorker0.log
-srvPort
56618
Successfully changed project path to: D:/NineLives/NineLives
D:/NineLives/NineLives
Using Asset Import Pipeline V2.
Refreshing native plugins compatible for Editor in 109.09 ms, found 3 plugins.
Preloading 0 native plugins for Editor in 0.00 ms.
Initialize engine version: 2020.3.31f1 (6b54b7616050)
[Subsystems] Discovering subsystems at path D:/classes/2020.3.31f1/Editor/Data/Resources/UnitySubsystems
[Subsystems] Discovering subsystems at path D:/NineLives/NineLives/Assets
GfxDevice: creating device client; threaded=0
Direct3D:
    Version:  Direct3D 11.0 [level 11.1]
    Renderer: AMD Radeon(TM) Vega 8 Graphics (ID=0x15d8)
    Vendor:   
    VRAM:     3551 MB
    Driver:   26.20.11030.14002
Initialize mono
Mono path[0] = 'D:/classes/2020.3.31f1/Editor/Data/Managed'
Mono path[1] = 'D:/classes/2020.3.31f1/Editor/Data/MonoBleedingEdge/lib/mono/unityjit'
Mono config path = 'D:/classes/2020.3.31f1/Editor/Data/MonoBleedingEdge/etc'
Using monoOptions --debugger-agent=transport=dt_socket,embedding=1,server=y,suspend=n,address=127.0.0.1:56572
Begin MonoManager ReloadAssembly
Registering precompiled unity dll's ...
Register platform support module: D:/classes/2020.3.31f1/Editor/Data/PlaybackEngines/WindowsStandaloneSupport/UnityEditor.WindowsStandalone.Extensions.dll
Registered in 0.001683 seconds.
Native extension for WindowsStandalone target not found
Refreshing native plugins compatible for Editor in 84.70 ms, found 3 plugins.
Preloading 0 native plugins for Editor in 0.00 ms.
Mono: successfully reloaded assembly
- Completed reload, in  1.286 seconds
Domain Reload Profiling:
	ReloadAssembly (1286ms)
		BeginReloadAssembly (164ms)
			ExecutionOrderSort (0ms)
			DisableScriptedObjects (0ms)
			BackupInstance (0ms)
			ReleaseScriptingObjects (0ms)
			CreateAndSetChildDomain (1ms)
		EndReloadAssembly (1020ms)
			LoadAssemblies (163ms)
			RebuildTransferFunctionScriptingTraits (0ms)
			SetupTypeCache (317ms)
			ReleaseScriptCaches (0ms)
			RebuildScriptCaches (76ms)
			SetupLoadedEditorAssemblies (459ms)
				LogAssemblyErrors (0ms)
				InitializePlatformSupportModulesInManaged (9ms)
				SetLoadedEditorAssemblies (1ms)
				RefreshPlugins (85ms)
				BeforeProcessingInitializeOnLoad (44ms)
				ProcessInitializeOnLoadAttributes (251ms)
				ProcessInitializeOnLoadMethodAttributes (69ms)
				AfterProcessingInitializeOnLoad (0ms)
				EditorAssembliesLoaded (0ms)
			ExecutionOrderSort2 (0ms)
			AwakeInstancesAfterBackupRestoration (0ms)
Platform modules already initialized, skipping
Registering precompiled user dll's ...
Registered in 0.010182 seconds.
Begin MonoManager ReloadAssembly
Native extension for WindowsStandalone target not found
Refreshing native plugins compatible for Editor in 57.89 ms, found 3 plugins.
Preloading 0 native plugins for Editor in 0.00 ms.
Mono: successfully reloaded assembly
- Completed reload, in  2.325 seconds
Domain Reload Profiling:
	ReloadAssembly (2327ms)
		BeginReloadAssembly (439ms)
			ExecutionOrderSort (0ms)
			DisableScriptedObjects (16ms)
			BackupInstance (0ms)
			ReleaseScriptingObjects (0ms)
			CreateAndSetChildDomain (40ms)
		EndReloadAssembly (1796ms)
			LoadAssemblies (256ms)
			RebuildTransferFunctionScriptingTraits (0ms)
			SetupTypeCache (699ms)
			ReleaseScriptCaches (1ms)
			RebuildScriptCaches (135ms)
			SetupLoadedEditorAssemblies (560ms)
				LogAssemblyErrors (0ms)
				InitializePlatformSupportModulesInManaged (5ms)
				SetLoadedEditorAssemblies (0ms)
				RefreshPlugins (58ms)
				BeforeProcessingInitializeOnLoad (102ms)
				ProcessInitializeOnLoadAttributes (358ms)
				ProcessInitializeOnLoadMethodAttributes (34ms)
				AfterProcessingInitializeOnLoad (3ms)
				EditorAssembliesLoaded (0ms)
			ExecutionOrderSort2 (0ms)
			AwakeInstancesAfterBackupRestoration (9ms)
Platform modules already initialized, skipping
========================================================================
Worker process is ready to serve import requests
Launched and connected shader compiler UnityShaderCompiler.exe after 0.13 seconds
Refreshing native plugins compatible for Editor in 1.27 ms, found 3 plugins.
Preloading 0 native plugins for Editor in 0.00 ms.
Unloading 2202 Unused Serialized files (Serialized files now loaded: 0)
System memory in use before: 97.1 MB.
System memory in use after: 97.0 MB.

Unloading 30 unused Assets to reduce memory usage. Loaded Objects now: 2636.
Total: 5.653400 ms (FindLiveObjects: 0.286500 ms CreateObjectMapping: 0.076700 ms MarkObjects: 5.077400 ms  DeleteObjects: 0.210800 ms)

AssetImportParameters requested are different than current active one (requested -> active):
  custom:framework-win-MediaFoundation: 216162199b28c13a410421893ffa2e32 -> 
  custom:video-decoder-ogg-theora: a1e56fd34408186e4bbccfd4996cb3dc -> 
  custom:container-muxer-webm: aa71ff27fc2769a1b78a27578f13a17b -> 
  custom:container-demuxer-webm: 4f35f7cbe854078d1ac9338744f61a02 -> 
  custom:container-demuxer-ogg: 62fdf1f143b41e24485cea50d1cbac27 -> 
  custom:video-encoder-webm-vp8: eb34c28f22e8b96e1ab97ce403110664 -> 
  custom:video-codec-MediaFoundation-h265: 746d11721c4dcdbdad8f713fa42b33f4 -> 
  custom:video-decoder-webm-vp8: 9c59270c3fd7afecdb556c50c9e8de78 -> 
  custom:audio-decoder-ogg-vorbis: bf7c407c2cedff20999df2af8eb42d56 -> 
  custom:audio-encoder-webm-vorbis: bf7c407c2cedff20999df2af8eb42d56 -> 
========================================================================
Received Import Request.
  path: Assets/Animations
  artifactKey: Guid(c46d3957c7899c245ad782fd0799366b) Importer(815301076,1909f56bfc062723c751e8b465ee728b)
Start importing Assets/Animations using Guid(c46d3957c7899c245ad782fd0799366b) Importer(815301076,1909f56bfc062723c751e8b465ee728b)  -> (artifact id: 'afc34a00fcb64d2e1e5b9a79ed740d75') in 0.024058 seconds 
========================================================================
Received Import Request.
  Time since last request: 6.638208 seconds.
  path: Assets/Animations/cat_idle.anim
  artifactKey: Guid(eaff764e861f5c2468567182c181b870) Importer(815301076,1909f56bfc062723c751e8b465ee728b)
Start importing Assets/Animations/cat_idle.anim using Guid(eaff764e861f5c2468567182c181b870) Importer(815301076,1909f56bfc062723c751e8b465ee728b)  -> (artifact id: 'cb2a262de2c223c843839d15e27c3d30') in 0.091272 seconds 
========================================================================
Received Import Request.
  Time since last request: 110.887284 seconds.
  path: Assets/Game assets/anim
  artifactKey: Guid(67ce6edb0995e004d8aee5266566b0d0) Importer(815301076,1909f56bfc062723c751e8b465ee728b)
Start importing Assets/Game assets/anim using Guid(67ce6edb0995e004d8aee5266566b0d0) Importer(815301076,1909f56bfc062723c751e8b465ee728b)  -> (artifact id: '531ff47ef6562fe7fd3648798bf31561') in 0.015871 seconds 
========================================================================
Received Import Request.
  Time since last request: 2.295500 seconds.
  path: Assets/Game assets/anim/idle_1
  artifactKey: Guid(4d05e2bd90340404b9fc15e55ef43a0e) Importer(815301076,1909f56bfc062723c751e8b465ee728b)
Start importing Assets/Game assets/anim/idle_1 using Guid(4d05e2bd90340404b9fc15e55ef43a0e) Importer(815301076,1909f56bfc062723c751e8b465ee728b)  -> (artifact id: '72a99c688d61682362e72e3c01d9485a') in 0.017443 seconds 
========================================================================
Received Import Request.
  Time since last request: 0.071118 seconds.
  path: Assets/Game assets/anim/idle_1/1.png
  artifactKey: Guid(10031f161bfe8c745a2f548038829566) Importer(815301076,1909f56bfc062723c751e8b465ee728b)
Start importing Assets/Game assets/anim/idle_1/1.png using Guid(10031f161bfe8c745a2f548038829566) Importer(815301076,1909f56bfc062723c751e8b465ee728b)  -> (artifact id: '8a6cc05f7360550ed70a4eec5a9cbae3') in 0.168099 seconds 
========================================================================
Received Import Request.
  Time since last request: 0.000355 seconds.
  path: Assets/Game assets/anim/idle_1/3.png
  artifactKey: Guid(27d9dc5e6b80ce14cb7fa7d9d8022946) Importer(815301076,1909f56bfc062723c751e8b465ee728b)
Start importing Assets/Game assets/anim/idle_1/3.png using Guid(27d9dc5e6b80ce14cb7fa7d9d8022946) Importer(815301076,1909f56bfc062723c751e8b465ee728b)  -> (artifact id: '37a2a348b509f11684a5e9032cbfe895') in 0.029212 seconds 
========================================================================
Received Import Request.
  Time since last request: 0.000377 seconds.
  path: Assets/Game assets/anim/idle_1/3(1).png
  artifactKey: Guid(66c0afb2a9100fb498b5eb02567015f8) Importer(815301076,1909f56bfc062723c751e8b465ee728b)
Start importing Assets/Game assets/anim/idle_1/3(1).png using Guid(66c0afb2a9100fb498b5eb02567015f8) Importer(815301076,1909f56bfc062723c751e8b465ee728b)  -> (artifact id: '2ce485f51e603c13d031e3a4473d41aa') in 0.030265 seconds 
========================================================================
Received Import Request.
  Time since last request: 0.000762 seconds.
  path: Assets/Game assets/anim/idle_1/4.png
  artifactKey: Guid(222e47036e0cdd54fb598cc5414d2512) Importer(815301076,1909f56bfc062723c751e8b465ee728b)
Start importing Assets/Game assets/anim/idle_1/4.png using Guid(222e47036e0cdd54fb598cc5414d2512) Importer(815301076,1909f56bfc062723c751e8b465ee728b)  -> (artifact id: 'f5975435e5e8042801e2ba4f2389d894') in 0.029673 seconds 
========================================================================
Received Import Request.
  Time since last request: 53.734915 seconds.
  path: Assets/Animations/New Animator Controller.controller
  artifactKey: Guid(4b96340959777f845bf82c6e29c2f0d8) Importer(815301076,1909f56bfc062723c751e8b465ee728b)
Start importing Assets/Animations/New Animator Controller.controller using Guid(4b96340959777f845bf82c6e29c2f0d8) Importer(815301076,1909f56bfc062723c751e8b465ee728b)  -> (artifact id: 'e1c747480a171cf5653a1ac333fe3ee8') in 0.017189 seconds 
========================================================================
Received Import Request.
  Time since last request: 13.691757 seconds.
  path: Assets/Animations/New Animator Override Controller.overrideController
  artifactKey: Guid(978b0bce8ad2f8a4db5eb77e0edb461e) Importer(815301076,1909f56bfc062723c751e8b465ee728b)
Start importing Assets/Animations/New Animator Override Controller.overrideController using Guid(978b0bce8ad2f8a4db5eb77e0edb461e) Importer(815301076,1909f56bfc062723c751e8b465ee728b)  -> (artifact id: '27fa146de2baf5c07c9f39c7ee8f1a93') in 0.022312 seconds 
========================================================================
Received Import Request.
  Time since last request: 20.250318 seconds.
  path: Assets/Game assets/anim/aggr/1.png
  artifactKey: Guid(523137671b820104eaaaa3d09764cbfc) Importer(815301076,1909f56bfc062723c751e8b465ee728b)
Start importing Assets/Game assets/anim/aggr/1.png using Guid(523137671b820104eaaaa3d09764cbfc) Importer(815301076,1909f56bfc062723c751e8b465ee728b)  -> (artifact id: 'ca232230b6cb8abd780bc37ef180d60a') in 0.026920 seconds 
========================================================================
Received Import Request.
  Time since last request: 0.000401 seconds.
  path: Assets/Game assets/anim/aggr/7.png
  artifactKey: Guid(ae33ae967bfa63c4d9cc73c1c731ccc5) Importer(815301076,1909f56bfc062723c751e8b465ee728b)
Start importing Assets/Game assets/anim/aggr/7.png using Guid(ae33ae967bfa63c4d9cc73c1c731ccc5) Importer(815301076,1909f56bfc062723c751e8b465ee728b)  -> (artifact id: 'a0c5ab82c78418d1d0c21e13d4ea1d7e') in 0.028910 seconds 
========================================================================
Received Import Request.
  Time since last request: 0.000354 seconds.
  path: Assets/Game assets/anim/aggr/8.png
  artifactKey: Guid(8bacf756470792a4aab17fe5e593e9aa) Importer(815301076,1909f56bfc062723c751e8b465ee728b)
Start importing Assets/Game assets/anim/aggr/8.png using Guid(8bacf756470792a4aab17fe5e593e9aa) Importer(815301076,1909f56bfc062723c751e8b465ee728b)  -> (artifact id: 'ca325af069da652f732d7c5449251945') in 0.027834 seconds 
========================================================================
Received Import Request.
  Time since last request: 0.000299 seconds.
  path: Assets/Game assets/anim/aggr/6.png
  artifactKey: Guid(91bfc436f82967841aa3a00eedb007f7) Importer(815301076,1909f56bfc062723c751e8b465ee728b)
Start importing Assets/Game assets/anim/aggr/6.png using Guid(91bfc436f82967841aa3a00eedb007f7) Importer(815301076,1909f56bfc062723c751e8b465ee728b)  -> (artifact id: '2d74b2bafd24cc378a870509af71ee33') in 0.027509 seconds 
========================================================================
Received Import Request.
  Time since last request: 0.000400 seconds.
  path: Assets/Game assets/anim/aggr/3.png
  artifactKey: Guid(9bd39d2d8b3bd1f46977a4f294f5fb29) Importer(815301076,1909f56bfc062723c751e8b465ee728b)
Start importing Assets/Game assets/anim/aggr/3.png using Guid(9bd39d2d8b3bd1f46977a4f294f5fb29) Importer(815301076,1909f56bfc062723c751e8b465ee728b)  -> (artifact id: '215e6c8a2b517fa74905192065f9d79d') in 0.028494 seconds 
========================================================================
Received Import Request.
  Time since last request: 0.000347 seconds.
  path: Assets/Game assets/anim/aggr/4.png
  artifactKey: Guid(18b4cf8e40d2a2f4984f166156e02751) Importer(815301076,1909f56bfc062723c751e8b465ee728b)
Start importing Assets/Game assets/anim/aggr/4.png using Guid(18b4cf8e40d2a2f4984f166156e02751) Importer(815301076,1909f56bfc062723c751e8b465ee728b)  -> (artifact id: '8ac825f17bcefa41c2f37619b810ada8') in 0.028477 seconds 
========================================================================
Received Import Request.
  Time since last request: 0.000320 seconds.
  path: Assets/Game assets/anim/aggr/5.png
  artifactKey: Guid(6a3e67bde8e4e504c9bdf335a52d8008) Importer(815301076,1909f56bfc062723c751e8b465ee728b)
Start importing Assets/Game assets/anim/aggr/5.png using Guid(6a3e67bde8e4e504c9bdf335a52d8008) Importer(815301076,1909f56bfc062723c751e8b465ee728b)  -> (artifact id: 'dec3bff69f32b182b495083bdcac70bc') in 0.029009 seconds 
========================================================================
Received Import Request.
  Time since last request: 0.000341 seconds.
  path: Assets/Game assets/anim/aggr/2.png
  artifactKey: Guid(be33a5b49a961684492f63ce7fe0e13d) Importer(815301076,1909f56bfc062723c751e8b465ee728b)
Start importing Assets/Game assets/anim/aggr/2.png using Guid(be33a5b49a961684492f63ce7fe0e13d) Importer(815301076,1909f56bfc062723c751e8b465ee728b)  -> (artifact id: '8269c8e2a6eaf6f8cddf4a0b7f7bc062') in 0.026937 seconds 
========================================================================
Received Import Request.
  Time since last request: 1.758435 seconds.
  path: Assets/Game assets/anim/idle_3/1.png
  artifactKey: Guid(396a81fbc550b954ea1c6939c553207c) Importer(815301076,1909f56bfc062723c751e8b465ee728b)
Start importing Assets/Game assets/anim/idle_3/1.png using Guid(396a81fbc550b954ea1c6939c553207c) Importer(815301076,1909f56bfc062723c751e8b465ee728b)  -> (artifact id: 'bb607502a67f095455b2bfe56bbbcdb1') in 0.027558 seconds 
========================================================================
Received Import Request.
  Time since last request: 0.000622 seconds.
  path: Assets/Game assets/anim/idle_3/2.png
  artifactKey: Guid(47b3c5f21e6c71a4f862e88f3aa08e71) Importer(815301076,1909f56bfc062723c751e8b465ee728b)
Start importing Assets/Game assets/anim/idle_3/2.png using Guid(47b3c5f21e6c71a4f862e88f3aa08e71) Importer(815301076,1909f56bfc062723c751e8b465ee728b)  -> (artifact id: '4b00d4833329689c2edcc48d60f38f64') in 0.026507 seconds 
========================================================================
Received Import Request.
  Time since last request: 0.000317 seconds.
  path: Assets/Game assets/anim/idle_3/3.png
  artifactKey: Guid(fb6eb06bee5aecf45980f666a2a7181e) Importer(815301076,1909f56bfc062723c751e8b465ee728b)
Start importing Assets/Game assets/anim/idle_3/3.png using Guid(fb6eb06bee5aecf45980f666a2a7181e) Importer(815301076,1909f56bfc062723c751e8b465ee728b)  -> (artifact id: '463bccaaa7a6e3e0c56670c4ad0e630d') in 0.023529 seconds 
========================================================================
Received Import Request.
  Time since last request: 0.000307 seconds.
  path: Assets/Game assets/anim/idle_3/4.png
  artifactKey: Guid(05b404c4dc30e5c48996e5f521077729) Importer(815301076,1909f56bfc062723c751e8b465ee728b)
Start importing Assets/Game assets/anim/idle_3/4.png using Guid(05b404c4dc30e5c48996e5f521077729) Importer(815301076,1909f56bfc062723c751e8b465ee728b)  -> (artifact id: 'f7bdd3ed1e5bdfa3f4c6a16b9c286530') in 0.025363 seconds 
========================================================================
Received Import Request.
  Time since last request: 252.882871 seconds.
  path: Assets/Game assets/anim/sleep
  artifactKey: Guid(3771f2bbd94d3dd4daa704865f2e6769) Importer(815301076,1909f56bfc062723c751e8b465ee728b)
Start importing Assets/Game assets/anim/sleep using Guid(3771f2bbd94d3dd4daa704865f2e6769) Importer(815301076,1909f56bfc062723c751e8b465ee728b)  -> (artifact id: '8b93c559ed843f808ccc780fc126f510') in 0.015113 seconds 
========================================================================
Received Import Request.
  Time since last request: 19.427782 seconds.
  path: Assets/Game assets/anim/idle_1/3(1).png
  artifactKey: Guid(66c0afb2a9100fb498b5eb02567015f8) Importer(815301076,1909f56bfc062723c751e8b465ee728b)
Start importing Assets/Game assets/anim/idle_1/3(1).png using Guid(66c0afb2a9100fb498b5eb02567015f8) Importer(815301076,1909f56bfc062723c751e8b465ee728b)  -> (artifact id: 'd04ec7432efd0b0e9d1af37561535058') in 0.024988 seconds 
========================================================================
Received Import Request.
  Time since last request: 6.453693 seconds.
  path: Assets/Game assets/anim/idle_1/1.png
  artifactKey: Guid(10031f161bfe8c745a2f548038829566) Importer(815301076,1909f56bfc062723c751e8b465ee728b)
Start importing Assets/Game assets/anim/idle_1/1.png using Guid(10031f161bfe8c745a2f548038829566) Importer(815301076,1909f56bfc062723c751e8b465ee728b)  -> (artifact id: '42c3a303b4ef264c79144de6ae3d93c4') in 0.020031 seconds 
========================================================================
Received Import Request.
  Time since last request: 4.216176 seconds.
  path: Assets/Game assets/anim/idle_1/3.png
  artifactKey: Guid(27d9dc5e6b80ce14cb7fa7d9d8022946) Importer(815301076,1909f56bfc062723c751e8b465ee728b)
Start importing Assets/Game assets/anim/idle_1/3.png using Guid(27d9dc5e6b80ce14cb7fa7d9d8022946) Importer(815301076,1909f56bfc062723c751e8b465ee728b)  -> (artifact id: 'fc3ebdfbd2009e56cafdc53b8471021f') in 0.018048 seconds 
========================================================================
Received Import Request.
  Time since last request: 4.718625 seconds.
  path: Assets/Game assets/anim/idle_1/4.png
  artifactKey: Guid(222e47036e0cdd54fb598cc5414d2512) Importer(815301076,1909f56bfc062723c751e8b465ee728b)
Start importing Assets/Game assets/anim/idle_1/4.png using Guid(222e47036e0cdd54fb598cc5414d2512) Importer(815301076,1909f56bfc062723c751e8b465ee728b)  -> (artifact id: 'db82e65295a4e2b5ed0e1275c9b97455') in 0.021005 seconds 
========================================================================
Received Import Request.
  Time since last request: 7.077598 seconds.
  path: Assets/Game assets/anim/idle_2/1.png
  artifactKey: Guid(2e6be3e97d516f44882a997f3b4cace2) Importer(815301076,1909f56bfc062723c751e8b465ee728b)
Start importing Assets/Game assets/anim/idle_2/1.png using Guid(2e6be3e97d516f44882a997f3b4cace2) Importer(815301076,1909f56bfc062723c751e8b465ee728b)  -> (artifact id: '72338095b00ea6c8a8d897a765dae7da') in 0.034663 seconds 
========================================================================
Received Import Request.
  Time since last request: 0.000445 seconds.
  path: Assets/Game assets/anim/idle_2/2.png
  artifactKey: Guid(fbd059c4dd17be648b0b41e9f3c193fa) Importer(815301076,1909f56bfc062723c751e8b465ee728b)
Start importing Assets/Game assets/anim/idle_2/2.png using Guid(fbd059c4dd17be648b0b41e9f3c193fa) Importer(815301076,1909f56bfc062723c751e8b465ee728b)  -> (artifact id: 'fbd0d7254b2e745fcac860f75b72afc2') in 0.024999 seconds 
========================================================================
Received Import Request.
  Time since last request: 0.000566 seconds.
  path: Assets/Game assets/anim/idle_2/4.png
  artifactKey: Guid(2b3be3b5d40490f438a35f44d94f654d) Importer(815301076,1909f56bfc062723c751e8b465ee728b)
Start importing Assets/Game assets/anim/idle_2/4.png using Guid(2b3be3b5d40490f438a35f44d94f654d) Importer(815301076,1909f56bfc062723c751e8b465ee728b)  -> (artifact id: 'f1ec8ea87c65f8194f016d27f051baa5') in 0.025254 seconds 
========================================================================
Received Import Request.
  Time since last request: 0.000714 seconds.
  path: Assets/Game assets/anim/idle_2/3.png
  artifactKey: Guid(92c3b08a506558f468231f8d01d62300) Importer(815301076,1909f56bfc062723c751e8b465ee728b)
Start importing Assets/Game assets/anim/idle_2/3.png using Guid(92c3b08a506558f468231f8d01d62300) Importer(815301076,1909f56bfc062723c751e8b465ee728b)  -> (artifact id: '273a2625dce76c191080ba8470211876') in 0.025666 seconds 
========================================================================
Received Prepare
Registering precompiled user dll's ...
Registered in 0.009720 seconds.
Begin MonoManager ReloadAssembly
Native extension for WindowsStandalone target not found
Refreshing native plugins compatible for Editor in 0.98 ms, found 3 plugins.
Preloading 0 native plugins for Editor in 0.00 ms.
Mono: successfully reloaded assembly
- Completed reload, in  2.302 seconds
Domain Reload Profiling:
	ReloadAssembly (2303ms)
		BeginReloadAssembly (327ms)
			ExecutionOrderSort (0ms)
			DisableScriptedObjects (19ms)
			BackupInstance (0ms)
			ReleaseScriptingObjects (0ms)
			CreateAndSetChildDomain (89ms)
		EndReloadAssembly (1871ms)
			LoadAssemblies (286ms)
			RebuildTransferFunctionScriptingTraits (0ms)
			SetupTypeCache (624ms)
			ReleaseScriptCaches (2ms)
			RebuildScriptCaches (93ms)
			SetupLoadedEditorAssemblies (701ms)
				LogAssemblyErrors (0ms)
				InitializePlatformSupportModulesInManaged (10ms)
				SetLoadedEditorAssemblies (1ms)
				RefreshPlugins (1ms)
				BeforeProcessingInitializeOnLoad (248ms)
				ProcessInitializeOnLoadAttributes (410ms)
				ProcessInitializeOnLoadMethodAttributes (25ms)
				AfterProcessingInitializeOnLoad (6ms)
				EditorAssembliesLoaded (0ms)
			ExecutionOrderSort2 (0ms)
			AwakeInstancesAfterBackupRestoration (17ms)
Platform modules already initialized, skipping
Refreshing native plugins compatible for Editor in 1.08 ms, found 3 plugins.
Preloading 0 native plugins for Editor in 0.00 ms.
Unloading 2197 Unused Serialized files (Serialized files now loaded: 0)
System memory in use before: 100.0 MB.
System memory in use after: 100.0 MB.

Unloading 20 unused Assets to reduce memory usage. Loaded Objects now: 2645.
Total: 5.784000 ms (FindLiveObjects: 0.269300 ms CreateObjectMapping: 0.100000 ms MarkObjects: 5.127700 ms  DeleteObjects: 0.285000 ms)

AssetImportParameters requested are different than current active one (requested -> active):
  custom:framework-win-MediaFoundation: 216162199b28c13a410421893ffa2e32 -> 
  custom:video-decoder-ogg-theora: a1e56fd34408186e4bbccfd4996cb3dc -> 
  custom:container-muxer-webm: aa71ff27fc2769a1b78a27578f13a17b -> 
  custom:container-demuxer-webm: 4f35f7cbe854078d1ac9338744f61a02 -> 
  custom:container-demuxer-ogg: 62fdf1f143b41e24485cea50d1cbac27 -> 
  custom:video-encoder-webm-vp8: eb34c28f22e8b96e1ab97ce403110664 -> 
  custom:video-codec-MediaFoundation-h265: 746d11721c4dcdbdad8f713fa42b33f4 -> 
  custom:video-decoder-webm-vp8: 9c59270c3fd7afecdb556c50c9e8de78 -> 
  custom:audio-decoder-ogg-vorbis: bf7c407c2cedff20999df2af8eb42d56 -> 
  custom:audio-encoder-webm-vorbis: bf7c407c2cedff20999df2af8eb42d56 -> 
AssetImportWorkerClient::OnTransportError - code=2 error=End of file
