Using pre-set license
Built from '2020.3/release' branch; Version is '2020.3.31f1 (6b54b7616050) revision 7034039'; Using compiler version '192528614'; Build Type 'Release'
OS: 'Windows 10  (10.0.19044) 64bit Professional' Language: 'ru' Physical Memory: 16348 MB
BatchMode: 1, IsHumanControllingUs: 0, StartBugReporterOnCrash: 0, Is64bit: 1, IsPro: 0

COMMAND LINE ARGUMENTS:
E:\Unity\unity\2020.3.31f1\Editor\Unity.exe
-adb2
-batchMode
-noUpm
-name
AssetImportWorker0
-projectPath
F:/Документы/GitHub/NineLives/NineLives
-logFile
Logs/AssetImportWorker0.log
-srvPort
57726
Successfully changed project path to: F:/Документы/GitHub/NineLives/NineLives
F:/Документы/GitHub/NineLives/NineLives
Using Asset Import Pipeline V2.
Refreshing native plugins compatible for Editor in 80.11 ms, found 3 plugins.
Preloading 0 native plugins for Editor in 0.00 ms.
Initialize engine version: 2020.3.31f1 (6b54b7616050)
[Subsystems] Discovering subsystems at path E:/Unity/unity/2020.3.31f1/Editor/Data/Resources/UnitySubsystems
[Subsystems] Discovering subsystems at path F:/Документы/GitHub/NineLives/NineLives/Assets
GfxDevice: creating device client; threaded=0
Direct3D:
    Version:  Direct3D 11.0 [level 11.1]
    Renderer: NVIDIA GeForce GTX 970 (ID=0x13c2)
    Vendor:   
    VRAM:     4043 MB
    Driver:   30.0.15.1215
Initialize mono
Mono path[0] = 'E:/Unity/unity/2020.3.31f1/Editor/Data/Managed'
Mono path[1] = 'E:/Unity/unity/2020.3.31f1/Editor/Data/MonoBleedingEdge/lib/mono/unityjit'
Mono config path = 'E:/Unity/unity/2020.3.31f1/Editor/Data/MonoBleedingEdge/etc'
Using monoOptions --debugger-agent=transport=dt_socket,embedding=1,server=y,suspend=n,address=127.0.0.1:56768
Begin MonoManager ReloadAssembly
Registering precompiled unity dll's ...
Register platform support module: E:/Unity/unity/2020.3.31f1/Editor/Data/PlaybackEngines/MacStandaloneSupport/UnityEditor.OSXStandalone.Extensions.dll
Register platform support module: E:/Unity/unity/2020.3.31f1/Editor/Data/PlaybackEngines/WindowsStandaloneSupport/UnityEditor.WindowsStandalone.Extensions.dll
Register platform support module: E:/Unity/unity/2020.3.31f1/Editor/Data/PlaybackEngines/LinuxStandaloneSupport/UnityEditor.LinuxStandalone.Extensions.dll
Registered in 0.004211 seconds.
Native extension for LinuxStandalone target not found
Native extension for WindowsStandalone target not found
Native extension for OSXStandalone target not found
Refreshing native plugins compatible for Editor in 65.78 ms, found 3 plugins.
Preloading 0 native plugins for Editor in 0.00 ms.
Mono: successfully reloaded assembly
- Completed reload, in  0.911 seconds
Domain Reload Profiling:
	ReloadAssembly (911ms)
		BeginReloadAssembly (90ms)
			ExecutionOrderSort (0ms)
			DisableScriptedObjects (0ms)
			BackupInstance (0ms)
			ReleaseScriptingObjects (0ms)
			CreateAndSetChildDomain (1ms)
		EndReloadAssembly (730ms)
			LoadAssemblies (90ms)
			RebuildTransferFunctionScriptingTraits (0ms)
			SetupTypeCache (206ms)
			ReleaseScriptCaches (0ms)
			RebuildScriptCaches (38ms)
			SetupLoadedEditorAssemblies (344ms)
				LogAssemblyErrors (0ms)
				InitializePlatformSupportModulesInManaged (12ms)
				SetLoadedEditorAssemblies (0ms)
				RefreshPlugins (66ms)
				BeforeProcessingInitializeOnLoad (52ms)
				ProcessInitializeOnLoadAttributes (171ms)
				ProcessInitializeOnLoadMethodAttributes (43ms)
				AfterProcessingInitializeOnLoad (0ms)
				EditorAssembliesLoaded (0ms)
			ExecutionOrderSort2 (0ms)
			AwakeInstancesAfterBackupRestoration (0ms)
Platform modules already initialized, skipping
Registering precompiled user dll's ...
Registered in 0.013257 seconds.
Begin MonoManager ReloadAssembly
Native extension for LinuxStandalone target not found
Native extension for WindowsStandalone target not found
Native extension for OSXStandalone target not found
Refreshing native plugins compatible for Editor in 67.35 ms, found 3 plugins.
Preloading 0 native plugins for Editor in 0.00 ms.
Mono: successfully reloaded assembly
- Completed reload, in  1.673 seconds
Domain Reload Profiling:
	ReloadAssembly (1674ms)
		BeginReloadAssembly (220ms)
			ExecutionOrderSort (0ms)
			DisableScriptedObjects (14ms)
			BackupInstance (0ms)
			ReleaseScriptingObjects (0ms)
			CreateAndSetChildDomain (26ms)
		EndReloadAssembly (1380ms)
			LoadAssemblies (152ms)
			RebuildTransferFunctionScriptingTraits (0ms)
			SetupTypeCache (589ms)
			ReleaseScriptCaches (0ms)
			RebuildScriptCaches (65ms)
			SetupLoadedEditorAssemblies (438ms)
				LogAssemblyErrors (0ms)
				InitializePlatformSupportModulesInManaged (8ms)
				SetLoadedEditorAssemblies (0ms)
				RefreshPlugins (67ms)
				BeforeProcessingInitializeOnLoad (99ms)
				ProcessInitializeOnLoadAttributes (238ms)
				ProcessInitializeOnLoadMethodAttributes (21ms)
				AfterProcessingInitializeOnLoad (5ms)
				EditorAssembliesLoaded (0ms)
			ExecutionOrderSort2 (0ms)
			AwakeInstancesAfterBackupRestoration (8ms)
Platform modules already initialized, skipping
========================================================================
Worker process is ready to serve import requests
Launched and connected shader compiler UnityShaderCompiler.exe after 0.13 seconds
Refreshing native plugins compatible for Editor in 0.64 ms, found 3 plugins.
Preloading 0 native plugins for Editor in 0.00 ms.
Unloading 2237 Unused Serialized files (Serialized files now loaded: 0)
System memory in use before: 98.2 MB.
System memory in use after: 98.1 MB.

Unloading 32 unused Assets to reduce memory usage. Loaded Objects now: 2677.
Total: 3.591200 ms (FindLiveObjects: 0.185100 ms CreateObjectMapping: 0.126500 ms MarkObjects: 3.074300 ms  DeleteObjects: 0.204200 ms)

AssetImportParameters requested are different than current active one (requested -> active):
  custom:framework-win-MediaFoundation: 216162199b28c13a410421893ffa2e32 -> 
  custom:video-decoder-ogg-theora: a1e56fd34408186e4bbccfd4996cb3dc -> 
  custom:container-muxer-webm: aa71ff27fc2769a1b78a27578f13a17b -> 
  custom:container-demuxer-webm: 4f35f7cbe854078d1ac9338744f61a02 -> 
  custom:container-demuxer-ogg: 62fdf1f143b41e24485cea50d1cbac27 -> 
  custom:video-encoder-webm-vp8: eb34c28f22e8b96e1ab97ce403110664 -> 
  custom:video-decoder-webm-vp8: 9c59270c3fd7afecdb556c50c9e8de78 -> 
  custom:audio-decoder-ogg-vorbis: bf7c407c2cedff20999df2af8eb42d56 -> 
  custom:audio-encoder-webm-vorbis: bf7c407c2cedff20999df2af8eb42d56 -> 
========================================================================
Received Import Request.
  path: Assets/Game assets/map/building/elements/conder.png
  artifactKey: Guid(022567b6d4091f74db6bd0dea4b07f1c) Importer(815301076,1909f56bfc062723c751e8b465ee728b)
Start importing Assets/Game assets/map/building/elements/conder.png using Guid(022567b6d4091f74db6bd0dea4b07f1c) Importer(815301076,1909f56bfc062723c751e8b465ee728b)  -> (artifact id: '43a6eb5fd6586ea4113ad39a94f63c67') in 0.199586 seconds 
========================================================================
Received Import Request.
  Time since last request: 34.852083 seconds.
  path: Assets/Prefabs/platforms
  artifactKey: Guid(8f5f3cf2ca4f1164f8a345c69030916a) Importer(815301076,1909f56bfc062723c751e8b465ee728b)
Start importing Assets/Prefabs/platforms using Guid(8f5f3cf2ca4f1164f8a345c69030916a) Importer(815301076,1909f56bfc062723c751e8b465ee728b)  -> (artifact id: '37ccbc3e35af56a59747ecd7eec18d52') in 0.014544 seconds 
========================================================================
Received Import Request.
  Time since last request: 8.206355 seconds.
  path: Assets/Prefabs/buildings elements/windows/building/win_b1_1.prefab
  artifactKey: Guid(c3f5f5e05dcc91f46b02e647a404c45d) Importer(815301076,1909f56bfc062723c751e8b465ee728b)
Start importing Assets/Prefabs/buildings elements/windows/building/win_b1_1.prefab using Guid(c3f5f5e05dcc91f46b02e647a404c45d) Importer(815301076,1909f56bfc062723c751e8b465ee728b)  -> (artifact id: '69e2a8d90f5e1117c81a32da71787415') in 0.089957 seconds 
========================================================================
Received Import Request.
  Time since last request: 0.000387 seconds.
  path: Assets/Prefabs/buildings elements/windows/building/win_b3_3.prefab
  artifactKey: Guid(2d87b05f7874358479fa1a10f16d478a) Importer(815301076,1909f56bfc062723c751e8b465ee728b)
Start importing Assets/Prefabs/buildings elements/windows/building/win_b3_3.prefab using Guid(2d87b05f7874358479fa1a10f16d478a) Importer(815301076,1909f56bfc062723c751e8b465ee728b)  -> (artifact id: '40f9e15277cb38537002fc85e34e3d7c') in 0.036550 seconds 
========================================================================
Received Import Request.
  Time since last request: 0.000432 seconds.
  path: Assets/Prefabs/buildings elements/windows/building/win_b3_1.prefab
  artifactKey: Guid(b6e8c62c7793f564faa6b4dc48e25d64) Importer(815301076,1909f56bfc062723c751e8b465ee728b)
Start importing Assets/Prefabs/buildings elements/windows/building/win_b3_1.prefab using Guid(b6e8c62c7793f564faa6b4dc48e25d64) Importer(815301076,1909f56bfc062723c751e8b465ee728b)  -> (artifact id: '0df3df323968d454ef779cb5d4ff502f') in 0.039162 seconds 
========================================================================
Received Import Request.
  Time since last request: 0.000269 seconds.
  path: Assets/Prefabs/buildings elements/windows/building/win_b1_2.prefab
  artifactKey: Guid(b693566192736374c8f9c770a5c77e95) Importer(815301076,1909f56bfc062723c751e8b465ee728b)
Start importing Assets/Prefabs/buildings elements/windows/building/win_b1_2.prefab using Guid(b693566192736374c8f9c770a5c77e95) Importer(815301076,1909f56bfc062723c751e8b465ee728b)  -> (artifact id: 'd5a2a3eeb4ec789ad0460d08558697c4') in 0.032972 seconds 
========================================================================
Received Import Request.
  Time since last request: 0.000304 seconds.
  path: Assets/Prefabs/buildings elements/windows/building/win_b1_3.prefab
  artifactKey: Guid(c4eb0cc6ca07aca41bf7e0dde3657e67) Importer(815301076,1909f56bfc062723c751e8b465ee728b)
Start importing Assets/Prefabs/buildings elements/windows/building/win_b1_3.prefab using Guid(c4eb0cc6ca07aca41bf7e0dde3657e67) Importer(815301076,1909f56bfc062723c751e8b465ee728b)  -> (artifact id: '6566512d1c215b08c8c3bd634be1bd48') in 0.018234 seconds 
========================================================================
Received Import Request.
  Time since last request: 0.000320 seconds.
  path: Assets/Prefabs/buildings elements/windows/building/win_b3_2.prefab
  artifactKey: Guid(eef8f787c23fab14ba2c596563d0fe63) Importer(815301076,1909f56bfc062723c751e8b465ee728b)
Start importing Assets/Prefabs/buildings elements/windows/building/win_b3_2.prefab using Guid(eef8f787c23fab14ba2c596563d0fe63) Importer(815301076,1909f56bfc062723c751e8b465ee728b)  -> (artifact id: '33f9adfd9f7bf091f8875260456d1f87') in 0.016063 seconds 
========================================================================
Received Import Request.
  Time since last request: 5.161123 seconds.
  path: Assets/Prefabs/buildings elements/windows/panelka/win_p3_1.prefab
  artifactKey: Guid(9d7e7faf74a2f8a438207872abe9e5cb) Importer(815301076,1909f56bfc062723c751e8b465ee728b)
Start importing Assets/Prefabs/buildings elements/windows/panelka/win_p3_1.prefab using Guid(9d7e7faf74a2f8a438207872abe9e5cb) Importer(815301076,1909f56bfc062723c751e8b465ee728b)  -> (artifact id: '180c4a43c24dcfd6f3b09cb5f50f0324') in 0.010959 seconds 
========================================================================
Received Import Request.
  Time since last request: 0.000261 seconds.
  path: Assets/Prefabs/buildings elements/windows/panelka/win_p3_3.prefab
  artifactKey: Guid(923da52a5165bae498c73e2ed48e8afd) Importer(815301076,1909f56bfc062723c751e8b465ee728b)
Start importing Assets/Prefabs/buildings elements/windows/panelka/win_p3_3.prefab using Guid(923da52a5165bae498c73e2ed48e8afd) Importer(815301076,1909f56bfc062723c751e8b465ee728b)  -> (artifact id: '9dd2dbcb8428987774d85e7fd48d130c') in 0.011637 seconds 
========================================================================
Received Import Request.
  Time since last request: 0.000423 seconds.
  path: Assets/Prefabs/buildings elements/windows/panelka/win_p3_2.prefab
  artifactKey: Guid(eaf86be187cc4504db0f0fdb7bb809f1) Importer(815301076,1909f56bfc062723c751e8b465ee728b)
Start importing Assets/Prefabs/buildings elements/windows/panelka/win_p3_2.prefab using Guid(eaf86be187cc4504db0f0fdb7bb809f1) Importer(815301076,1909f56bfc062723c751e8b465ee728b)  -> (artifact id: '5383b8874d3fff0686b381ff5c6edcae') in 0.015139 seconds 
========================================================================
Received Import Request.
  Time since last request: 10.673636 seconds.
  path: Assets/Prefabs/buildings elements/roof_top_0.prefab
  artifactKey: Guid(eec160cf20063f042be982d0520baabf) Importer(815301076,1909f56bfc062723c751e8b465ee728b)
Start importing Assets/Prefabs/buildings elements/roof_top_0.prefab using Guid(eec160cf20063f042be982d0520baabf) Importer(815301076,1909f56bfc062723c751e8b465ee728b)  -> (artifact id: '7308870679ae94231bed3f792ada512a') in 0.017517 seconds 
========================================================================
Received Import Request.
  Time since last request: 0.000270 seconds.
  path: Assets/Prefabs/buildings elements/truba_0.prefab
  artifactKey: Guid(9fc7e48ec8cb6f14a8919ff533c9dc91) Importer(815301076,1909f56bfc062723c751e8b465ee728b)
Start importing Assets/Prefabs/buildings elements/truba_0.prefab using Guid(9fc7e48ec8cb6f14a8919ff533c9dc91) Importer(815301076,1909f56bfc062723c751e8b465ee728b)  -> (artifact id: '1b58f0068ea585df8e8e8017560c98a5') in 0.017668 seconds 
========================================================================
Received Import Request.
  Time since last request: 81.924069 seconds.
  path: Assets/Prefabs/buildings elements/roof_top_0.prefab
  artifactKey: Guid(eec160cf20063f042be982d0520baabf) Importer(815301076,1909f56bfc062723c751e8b465ee728b)
Start importing Assets/Prefabs/buildings elements/roof_top_0.prefab using Guid(eec160cf20063f042be982d0520baabf) Importer(815301076,1909f56bfc062723c751e8b465ee728b)  -> (artifact id: '61acc4d55e8cdb39ff256498b4dd4d20') in 0.015312 seconds 
========================================================================
Received Import Request.
  Time since last request: 1.195607 seconds.
  path: Assets/Prefabs/buildings elements/roof_top_0.prefab
  artifactKey: Guid(eec160cf20063f042be982d0520baabf) Importer(815301076,1909f56bfc062723c751e8b465ee728b)
Start importing Assets/Prefabs/buildings elements/roof_top_0.prefab using Guid(eec160cf20063f042be982d0520baabf) Importer(815301076,1909f56bfc062723c751e8b465ee728b)  -> (artifact id: '96b18c4665c563a51e9931b730acc6f0') in 0.012473 seconds 
========================================================================
Received Import Request.
  Time since last request: 1.902678 seconds.
  path: Assets/Prefabs/buildings elements/roof_top_0.prefab
  artifactKey: Guid(eec160cf20063f042be982d0520baabf) Importer(815301076,1909f56bfc062723c751e8b465ee728b)
Start importing Assets/Prefabs/buildings elements/roof_top_0.prefab using Guid(eec160cf20063f042be982d0520baabf) Importer(815301076,1909f56bfc062723c751e8b465ee728b)  -> (artifact id: 'c016d5105e2f7b4e233f2bfd48316495') in 0.011642 seconds 
========================================================================
Received Import Request.
  Time since last request: 3.335202 seconds.
  path: Assets/Prefabs/buildings elements/floor_0.prefab
  artifactKey: Guid(5bcb3a26d7f44eb40a56944ec6f00c4c) Importer(815301076,1909f56bfc062723c751e8b465ee728b)
Start importing Assets/Prefabs/buildings elements/floor_0.prefab using Guid(5bcb3a26d7f44eb40a56944ec6f00c4c) Importer(815301076,1909f56bfc062723c751e8b465ee728b)  -> (artifact id: '33417d9e806a32da8f19d629e70bd4c9') in 0.010800 seconds 
========================================================================
Received Import Request.
  Time since last request: 41.031457 seconds.
  path: Assets/Prefabs/buildings elements/truba_0.prefab
  artifactKey: Guid(9fc7e48ec8cb6f14a8919ff533c9dc91) Importer(815301076,1909f56bfc062723c751e8b465ee728b)
Start importing Assets/Prefabs/buildings elements/truba_0.prefab using Guid(9fc7e48ec8cb6f14a8919ff533c9dc91) Importer(815301076,1909f56bfc062723c751e8b465ee728b)  -> (artifact id: 'a1b7bf539e1ceda3fc65df4bd94165cf') in 0.012621 seconds 
========================================================================
Received Import Request.
  Time since last request: 0.788173 seconds.
  path: Assets/Prefabs/buildings elements/truba_0.prefab
  artifactKey: Guid(9fc7e48ec8cb6f14a8919ff533c9dc91) Importer(815301076,1909f56bfc062723c751e8b465ee728b)
Start importing Assets/Prefabs/buildings elements/truba_0.prefab using Guid(9fc7e48ec8cb6f14a8919ff533c9dc91) Importer(815301076,1909f56bfc062723c751e8b465ee728b)  -> (artifact id: '8fa1f9510300718d341de67ecd803b82') in 0.012458 seconds 
========================================================================
Received Import Request.
  Time since last request: 0.988134 seconds.
  path: Assets/Prefabs/buildings elements/truba_0.prefab
  artifactKey: Guid(9fc7e48ec8cb6f14a8919ff533c9dc91) Importer(815301076,1909f56bfc062723c751e8b465ee728b)
Start importing Assets/Prefabs/buildings elements/truba_0.prefab using Guid(9fc7e48ec8cb6f14a8919ff533c9dc91) Importer(815301076,1909f56bfc062723c751e8b465ee728b)  -> (artifact id: '26c3dd20e4f00aa9ad083087b82ca77c') in 0.010342 seconds 
========================================================================
Received Import Request.
  Time since last request: 28.609790 seconds.
  path: Assets/Prefabs/buildings elements/roof_top_b.prefab
  artifactKey: Guid(eec160cf20063f042be982d0520baabf) Importer(815301076,1909f56bfc062723c751e8b465ee728b)
Start importing Assets/Prefabs/buildings elements/roof_top_b.prefab using Guid(eec160cf20063f042be982d0520baabf) Importer(815301076,1909f56bfc062723c751e8b465ee728b)  -> (artifact id: '73d03a176554c08a9b6a22a00402076e') in 0.023430 seconds 
========================================================================
Received Import Request.
  Time since last request: 8.571733 seconds.
  path: Assets/Prefabs/buildings elements/floor.prefab
  artifactKey: Guid(5bcb3a26d7f44eb40a56944ec6f00c4c) Importer(815301076,1909f56bfc062723c751e8b465ee728b)
Start importing Assets/Prefabs/buildings elements/floor.prefab using Guid(5bcb3a26d7f44eb40a56944ec6f00c4c) Importer(815301076,1909f56bfc062723c751e8b465ee728b)  -> (artifact id: '96d7f0192023f4e28f57d9d83e6c42d9') in 0.019089 seconds 
========================================================================
Received Import Request.
  Time since last request: 5.977656 seconds.
  path: Assets/Prefabs/buildings elements/truba.prefab
  artifactKey: Guid(9fc7e48ec8cb6f14a8919ff533c9dc91) Importer(815301076,1909f56bfc062723c751e8b465ee728b)
Start importing Assets/Prefabs/buildings elements/truba.prefab using Guid(9fc7e48ec8cb6f14a8919ff533c9dc91) Importer(815301076,1909f56bfc062723c751e8b465ee728b)  -> (artifact id: 'b1af4da1d8e656b3591e1578e7eee726') in 0.016328 seconds 
========================================================================
Received Import Request.
  Time since last request: 113.754163 seconds.
  path: Assets/Prefabs/buildings elements/roof.prefab
  artifactKey: Guid(b08fdfa8154f6414388600c86634d8e0) Importer(815301076,1909f56bfc062723c751e8b465ee728b)
Start importing Assets/Prefabs/buildings elements/roof.prefab using Guid(b08fdfa8154f6414388600c86634d8e0) Importer(815301076,1909f56bfc062723c751e8b465ee728b)  -> (artifact id: '4ad3e0f0321fd41a4df066858429dc04') in 0.020729 seconds 
========================================================================
Received Import Request.
  Time since last request: 13.611850 seconds.
  path: Assets/Prefabs/buildings elements/roof_top_p.prefab
  artifactKey: Guid(31195adee49090e4292966b6aec3efb3) Importer(815301076,1909f56bfc062723c751e8b465ee728b)
Start importing Assets/Prefabs/buildings elements/roof_top_p.prefab using Guid(31195adee49090e4292966b6aec3efb3) Importer(815301076,1909f56bfc062723c751e8b465ee728b)  -> (artifact id: '60fe53b9766144c7bd0249d20dd4c545') in 0.018549 seconds 
========================================================================
Received Import Request.
  Time since last request: 27.896664 seconds.
  path: Assets/Game assets/map/building/elements/conder.png
  artifactKey: Guid(022567b6d4091f74db6bd0dea4b07f1c) Importer(815301076,1909f56bfc062723c751e8b465ee728b)
Start importing Assets/Game assets/map/building/elements/conder.png using Guid(022567b6d4091f74db6bd0dea4b07f1c) Importer(815301076,1909f56bfc062723c751e8b465ee728b)  -> (artifact id: 'ecb8b8f44ec48fd8af6c8bf2b44d6c4b') in 0.016462 seconds 
========================================================================
Received Import Request.
  Time since last request: 122.835415 seconds.
  path: Assets/Game assets/map/building/elements/conder_p.prefab
  artifactKey: Guid(45c4cd962bdd645418d15ecdcb345c33) Importer(815301076,1909f56bfc062723c751e8b465ee728b)
Start importing Assets/Game assets/map/building/elements/conder_p.prefab using Guid(45c4cd962bdd645418d15ecdcb345c33) Importer(815301076,1909f56bfc062723c751e8b465ee728b)  -> (artifact id: 'c1ac1180223339903668a95d64853598') in 0.022095 seconds 
========================================================================
Received Import Request.
  Time since last request: 1.121050 seconds.
  path: Assets/Game assets/map/building/elements/conder_b.prefab
  artifactKey: Guid(52ec40658e05a3f41a7f661228cde0f4) Importer(815301076,1909f56bfc062723c751e8b465ee728b)
Start importing Assets/Game assets/map/building/elements/conder_b.prefab using Guid(52ec40658e05a3f41a7f661228cde0f4) Importer(815301076,1909f56bfc062723c751e8b465ee728b)  -> (artifact id: '057854648d5573e62b04106461d6f447') in 0.017308 seconds 
========================================================================
Received Import Request.
  Time since last request: 260.528746 seconds.
  path: Assets/Prefabs/street elements
  artifactKey: Guid(b79fe909a8e34d842aed52cdaa7a4173) Importer(815301076,1909f56bfc062723c751e8b465ee728b)
Start importing Assets/Prefabs/street elements using Guid(b79fe909a8e34d842aed52cdaa7a4173) Importer(815301076,1909f56bfc062723c751e8b465ee728b)  -> (artifact id: '53f51b928a34b1611d7b9c5b69415503') in 0.009241 seconds 
========================================================================
Received Import Request.
  Time since last request: 211.553954 seconds.
  path: Assets/Prefabs/street elements/musor1.prefab
  artifactKey: Guid(03ca10193e60b5b46a7861f4b46eed46) Importer(815301076,1909f56bfc062723c751e8b465ee728b)
Start importing Assets/Prefabs/street elements/musor1.prefab using Guid(03ca10193e60b5b46a7861f4b46eed46) Importer(815301076,1909f56bfc062723c751e8b465ee728b)  -> (artifact id: '4c44b35a81fe2ab5f19b02fe566f760d') in 0.024782 seconds 
========================================================================
Received Import Request.
  Time since last request: 48.085278 seconds.
  path: Assets/Prefabs/street elements/musor2.prefab
  artifactKey: Guid(ba5ac00dfe8e3464382c2276765f4813) Importer(815301076,1909f56bfc062723c751e8b465ee728b)
Start importing Assets/Prefabs/street elements/musor2.prefab using Guid(ba5ac00dfe8e3464382c2276765f4813) Importer(815301076,1909f56bfc062723c751e8b465ee728b)  -> (artifact id: 'c3fea5def6949b03d2c4a5a68790f912') in 0.016993 seconds 
========================================================================
Received Prepare
Registering precompiled user dll's ...
Registered in 0.006813 seconds.
Begin MonoManager ReloadAssembly
Native extension for LinuxStandalone target not found
Native extension for WindowsStandalone target not found
Native extension for OSXStandalone target not found
Refreshing native plugins compatible for Editor in 0.54 ms, found 3 plugins.
Preloading 0 native plugins for Editor in 0.00 ms.
Mono: successfully reloaded assembly
- Completed reload, in  1.312 seconds
Domain Reload Profiling:
	ReloadAssembly (1313ms)
		BeginReloadAssembly (153ms)
			ExecutionOrderSort (0ms)
			DisableScriptedObjects (7ms)
			BackupInstance (0ms)
			ReleaseScriptingObjects (0ms)
			CreateAndSetChildDomain (44ms)
		EndReloadAssembly (1095ms)
			LoadAssemblies (153ms)
			RebuildTransferFunctionScriptingTraits (0ms)
			SetupTypeCache (432ms)
			ReleaseScriptCaches (1ms)
			RebuildScriptCaches (50ms)
			SetupLoadedEditorAssemblies (358ms)
				LogAssemblyErrors (0ms)
				InitializePlatformSupportModulesInManaged (7ms)
				SetLoadedEditorAssemblies (1ms)
				RefreshPlugins (1ms)
				BeforeProcessingInitializeOnLoad (100ms)
				ProcessInitializeOnLoadAttributes (230ms)
				ProcessInitializeOnLoadMethodAttributes (14ms)
				AfterProcessingInitializeOnLoad (5ms)
				EditorAssembliesLoaded (0ms)
			ExecutionOrderSort2 (0ms)
			AwakeInstancesAfterBackupRestoration (11ms)
Platform modules already initialized, skipping
Refreshing native plugins compatible for Editor in 0.54 ms, found 3 plugins.
Preloading 0 native plugins for Editor in 0.00 ms.
Unloading 2232 Unused Serialized files (Serialized files now loaded: 0)
System memory in use before: 101.4 MB.
System memory in use after: 101.3 MB.

Unloading 22 unused Assets to reduce memory usage. Loaded Objects now: 2690.
Total: 3.944000 ms (FindLiveObjects: 0.399800 ms CreateObjectMapping: 0.119000 ms MarkObjects: 3.292800 ms  DeleteObjects: 0.130900 ms)

AssetImportParameters requested are different than current active one (requested -> active):
  custom:framework-win-MediaFoundation: 216162199b28c13a410421893ffa2e32 -> 
  custom:video-decoder-ogg-theora: a1e56fd34408186e4bbccfd4996cb3dc -> 
  custom:container-muxer-webm: aa71ff27fc2769a1b78a27578f13a17b -> 
  custom:container-demuxer-webm: 4f35f7cbe854078d1ac9338744f61a02 -> 
  custom:container-demuxer-ogg: 62fdf1f143b41e24485cea50d1cbac27 -> 
  custom:video-encoder-webm-vp8: eb34c28f22e8b96e1ab97ce403110664 -> 
  custom:video-decoder-webm-vp8: 9c59270c3fd7afecdb556c50c9e8de78 -> 
  custom:audio-decoder-ogg-vorbis: bf7c407c2cedff20999df2af8eb42d56 -> 
  custom:audio-encoder-webm-vorbis: bf7c407c2cedff20999df2af8eb42d56 -> 
========================================================================
Received Prepare
Registering precompiled user dll's ...
Registered in 0.007901 seconds.
Begin MonoManager ReloadAssembly
Native extension for LinuxStandalone target not found
Native extension for WindowsStandalone target not found
Native extension for OSXStandalone target not found
Refreshing native plugins compatible for Editor in 0.53 ms, found 3 plugins.
Preloading 0 native plugins for Editor in 0.00 ms.
Mono: successfully reloaded assembly
- Completed reload, in  1.249 seconds
Domain Reload Profiling:
	ReloadAssembly (1250ms)
		BeginReloadAssembly (140ms)
			ExecutionOrderSort (0ms)
			DisableScriptedObjects (7ms)
			BackupInstance (0ms)
			ReleaseScriptingObjects (0ms)
			CreateAndSetChildDomain (39ms)
		EndReloadAssembly (1044ms)
			LoadAssemblies (134ms)
			RebuildTransferFunctionScriptingTraits (0ms)
			SetupTypeCache (389ms)
			ReleaseScriptCaches (1ms)
			RebuildScriptCaches (55ms)
			SetupLoadedEditorAssemblies (366ms)
				LogAssemblyErrors (0ms)
				InitializePlatformSupportModulesInManaged (8ms)
				SetLoadedEditorAssemblies (1ms)
				RefreshPlugins (1ms)
				BeforeProcessingInitializeOnLoad (107ms)
				ProcessInitializeOnLoadAttributes (231ms)
				ProcessInitializeOnLoadMethodAttributes (14ms)
				AfterProcessingInitializeOnLoad (5ms)
				EditorAssembliesLoaded (0ms)
			ExecutionOrderSort2 (0ms)
			AwakeInstancesAfterBackupRestoration (11ms)
Platform modules already initialized, skipping
Refreshing native plugins compatible for Editor in 0.55 ms, found 3 plugins.
Preloading 0 native plugins for Editor in 0.00 ms.
Unloading 2232 Unused Serialized files (Serialized files now loaded: 0)
System memory in use before: 101.4 MB.
System memory in use after: 101.4 MB.

Unloading 22 unused Assets to reduce memory usage. Loaded Objects now: 2693.
Total: 3.468600 ms (FindLiveObjects: 0.296500 ms CreateObjectMapping: 0.123800 ms MarkObjects: 2.918200 ms  DeleteObjects: 0.128900 ms)

AssetImportParameters requested are different than current active one (requested -> active):
  custom:framework-win-MediaFoundation: 216162199b28c13a410421893ffa2e32 -> 
  custom:video-decoder-ogg-theora: a1e56fd34408186e4bbccfd4996cb3dc -> 
  custom:container-muxer-webm: aa71ff27fc2769a1b78a27578f13a17b -> 
  custom:container-demuxer-webm: 4f35f7cbe854078d1ac9338744f61a02 -> 
  custom:container-demuxer-ogg: 62fdf1f143b41e24485cea50d1cbac27 -> 
  custom:video-encoder-webm-vp8: eb34c28f22e8b96e1ab97ce403110664 -> 
  custom:video-decoder-webm-vp8: 9c59270c3fd7afecdb556c50c9e8de78 -> 
  custom:audio-decoder-ogg-vorbis: bf7c407c2cedff20999df2af8eb42d56 -> 
  custom:audio-encoder-webm-vorbis: bf7c407c2cedff20999df2af8eb42d56 -> 
========================================================================
Received Prepare
Registering precompiled user dll's ...
Registered in 0.007487 seconds.
Begin MonoManager ReloadAssembly
Native extension for LinuxStandalone target not found
Native extension for WindowsStandalone target not found
Native extension for OSXStandalone target not found
Refreshing native plugins compatible for Editor in 0.86 ms, found 3 plugins.
Preloading 0 native plugins for Editor in 0.00 ms.
Mono: successfully reloaded assembly
- Completed reload, in  1.234 seconds
Domain Reload Profiling:
	ReloadAssembly (1235ms)
		BeginReloadAssembly (152ms)
			ExecutionOrderSort (0ms)
			DisableScriptedObjects (8ms)
			BackupInstance (0ms)
			ReleaseScriptingObjects (0ms)
			CreateAndSetChildDomain (40ms)
		EndReloadAssembly (1003ms)
			LoadAssemblies (144ms)
			RebuildTransferFunctionScriptingTraits (0ms)
			SetupTypeCache (364ms)
			ReleaseScriptCaches (1ms)
			RebuildScriptCaches (48ms)
			SetupLoadedEditorAssemblies (354ms)
				LogAssemblyErrors (0ms)
				InitializePlatformSupportModulesInManaged (7ms)
				SetLoadedEditorAssemblies (2ms)
				RefreshPlugins (1ms)
				BeforeProcessingInitializeOnLoad (96ms)
				ProcessInitializeOnLoadAttributes (229ms)
				ProcessInitializeOnLoadMethodAttributes (13ms)
				AfterProcessingInitializeOnLoad (5ms)
				EditorAssembliesLoaded (0ms)
			ExecutionOrderSort2 (0ms)
			AwakeInstancesAfterBackupRestoration (11ms)
Platform modules already initialized, skipping
Refreshing native plugins compatible for Editor in 0.53 ms, found 3 plugins.
Preloading 0 native plugins for Editor in 0.00 ms.
Unloading 2232 Unused Serialized files (Serialized files now loaded: 0)
System memory in use before: 101.5 MB.
System memory in use after: 101.4 MB.

Unloading 22 unused Assets to reduce memory usage. Loaded Objects now: 2696.
Total: 3.367500 ms (FindLiveObjects: 0.163500 ms CreateObjectMapping: 0.096500 ms MarkObjects: 2.955500 ms  DeleteObjects: 0.150700 ms)

AssetImportParameters requested are different than current active one (requested -> active):
  custom:framework-win-MediaFoundation: 216162199b28c13a410421893ffa2e32 -> 
  custom:video-decoder-ogg-theora: a1e56fd34408186e4bbccfd4996cb3dc -> 
  custom:container-muxer-webm: aa71ff27fc2769a1b78a27578f13a17b -> 
  custom:container-demuxer-webm: 4f35f7cbe854078d1ac9338744f61a02 -> 
  custom:container-demuxer-ogg: 62fdf1f143b41e24485cea50d1cbac27 -> 
  custom:video-encoder-webm-vp8: eb34c28f22e8b96e1ab97ce403110664 -> 
  custom:video-decoder-webm-vp8: 9c59270c3fd7afecdb556c50c9e8de78 -> 
  custom:audio-decoder-ogg-vorbis: bf7c407c2cedff20999df2af8eb42d56 -> 
  custom:audio-encoder-webm-vorbis: bf7c407c2cedff20999df2af8eb42d56 -> 
========================================================================
Received Import Request.
  Time since last request: 103.437476 seconds.
  path: Assets/Prefabs/street elements/cheto.prefab
  artifactKey: Guid(243807450ee88d146b5018560b3e778c) Importer(815301076,1909f56bfc062723c751e8b465ee728b)
Start importing Assets/Prefabs/street elements/cheto.prefab using Guid(243807450ee88d146b5018560b3e778c) Importer(815301076,1909f56bfc062723c751e8b465ee728b)  -> (artifact id: '3c95d0f87de66303135ea73d3f10e20b') in 0.065954 seconds 
========================================================================
Received Import Request.
  Time since last request: 24.845255 seconds.
  path: Assets/Prefabs/street elements/musor1 1.prefab
  artifactKey: Guid(d99ad87dedf67d84db6ca8ae3305b97e) Importer(815301076,1909f56bfc062723c751e8b465ee728b)
Start importing Assets/Prefabs/street elements/musor1 1.prefab using Guid(d99ad87dedf67d84db6ca8ae3305b97e) Importer(815301076,1909f56bfc062723c751e8b465ee728b)  -> (artifact id: 'cb5d36b11a0c49dd61ae8ac4bac0d31a') in 0.020364 seconds 
========================================================================
Received Import Request.
  Time since last request: 1.929320 seconds.
  path: Assets/Prefabs/street elements/musor2 1.prefab
  artifactKey: Guid(e458be206f8e3d84e96bf5d655ae037d) Importer(815301076,1909f56bfc062723c751e8b465ee728b)
Start importing Assets/Prefabs/street elements/musor2 1.prefab using Guid(e458be206f8e3d84e96bf5d655ae037d) Importer(815301076,1909f56bfc062723c751e8b465ee728b)  -> (artifact id: '15ebc23ae3082514dc4758bd2bde0ace') in 0.016495 seconds 
========================================================================
Received Import Request.
  Time since last request: 12.570752 seconds.
  path: Assets/Prefabs/street elements/musor2.prefab
  artifactKey: Guid(e458be206f8e3d84e96bf5d655ae037d) Importer(815301076,1909f56bfc062723c751e8b465ee728b)
Start importing Assets/Prefabs/street elements/musor2.prefab using Guid(e458be206f8e3d84e96bf5d655ae037d) Importer(815301076,1909f56bfc062723c751e8b465ee728b)  -> (artifact id: 'e3007b0238eec02e6487c8f558a5ab3a') in 0.022977 seconds 
========================================================================
Received Import Request.
  Time since last request: 3.317372 seconds.
  path: Assets/Prefabs/street elements/musor1.prefab
  artifactKey: Guid(d99ad87dedf67d84db6ca8ae3305b97e) Importer(815301076,1909f56bfc062723c751e8b465ee728b)
Start importing Assets/Prefabs/street elements/musor1.prefab using Guid(d99ad87dedf67d84db6ca8ae3305b97e) Importer(815301076,1909f56bfc062723c751e8b465ee728b)  -> (artifact id: '108ae94ae7108af4941cd357418296cf') in 0.014559 seconds 
========================================================================
Received Prepare
Registering precompiled user dll's ...
Registered in 0.010067 seconds.
Begin MonoManager ReloadAssembly
Native extension for LinuxStandalone target not found
Native extension for WindowsStandalone target not found
Native extension for OSXStandalone target not found
Refreshing native plugins compatible for Editor in 0.65 ms, found 3 plugins.
Preloading 0 native plugins for Editor in 0.00 ms.
Mono: successfully reloaded assembly
- Completed reload, in  1.319 seconds
Domain Reload Profiling:
	ReloadAssembly (1320ms)
		BeginReloadAssembly (178ms)
			ExecutionOrderSort (0ms)
			DisableScriptedObjects (9ms)
			BackupInstance (0ms)
			ReleaseScriptingObjects (0ms)
			CreateAndSetChildDomain (55ms)
		EndReloadAssembly (1058ms)
			LoadAssemblies (157ms)
			RebuildTransferFunctionScriptingTraits (0ms)
			SetupTypeCache (366ms)
			ReleaseScriptCaches (1ms)
			RebuildScriptCaches (73ms)
			SetupLoadedEditorAssemblies (361ms)
				LogAssemblyErrors (0ms)
				InitializePlatformSupportModulesInManaged (8ms)
				SetLoadedEditorAssemblies (1ms)
				RefreshPlugins (1ms)
				BeforeProcessingInitializeOnLoad (99ms)
				ProcessInitializeOnLoadAttributes (234ms)
				ProcessInitializeOnLoadMethodAttributes (13ms)
				AfterProcessingInitializeOnLoad (5ms)
				EditorAssembliesLoaded (0ms)
			ExecutionOrderSort2 (0ms)
			AwakeInstancesAfterBackupRestoration (10ms)
Platform modules already initialized, skipping
Refreshing native plugins compatible for Editor in 0.61 ms, found 3 plugins.
Preloading 0 native plugins for Editor in 0.00 ms.
Unloading 2232 Unused Serialized files (Serialized files now loaded: 0)
System memory in use before: 101.5 MB.
System memory in use after: 101.5 MB.

Unloading 22 unused Assets to reduce memory usage. Loaded Objects now: 2700.
Total: 3.031500 ms (FindLiveObjects: 0.161800 ms CreateObjectMapping: 0.092700 ms MarkObjects: 2.652000 ms  DeleteObjects: 0.123900 ms)

AssetImportParameters requested are different than current active one (requested -> active):
  custom:framework-win-MediaFoundation: 216162199b28c13a410421893ffa2e32 -> 
  custom:video-decoder-ogg-theora: a1e56fd34408186e4bbccfd4996cb3dc -> 
  custom:container-muxer-webm: aa71ff27fc2769a1b78a27578f13a17b -> 
  custom:container-demuxer-webm: 4f35f7cbe854078d1ac9338744f61a02 -> 
  custom:container-demuxer-ogg: 62fdf1f143b41e24485cea50d1cbac27 -> 
  custom:video-encoder-webm-vp8: eb34c28f22e8b96e1ab97ce403110664 -> 
  custom:video-decoder-webm-vp8: 9c59270c3fd7afecdb556c50c9e8de78 -> 
  custom:audio-decoder-ogg-vorbis: bf7c407c2cedff20999df2af8eb42d56 -> 
  custom:audio-encoder-webm-vorbis: bf7c407c2cedff20999df2af8eb42d56 -> 
========================================================================
Received Import Request.
  Time since last request: 30.941020 seconds.
  path: Assets/Prefabs/street elements/musor1.prefab
  artifactKey: Guid(d99ad87dedf67d84db6ca8ae3305b97e) Importer(815301076,1909f56bfc062723c751e8b465ee728b)
Start importing Assets/Prefabs/street elements/musor1.prefab using Guid(d99ad87dedf67d84db6ca8ae3305b97e) Importer(815301076,1909f56bfc062723c751e8b465ee728b)  -> (artifact id: '9e1bb9dff4ddf43167d46aa313c7d6bc') in 0.064824 seconds 
========================================================================
Received Prepare
Registering precompiled user dll's ...
Registered in 0.008254 seconds.
Begin MonoManager ReloadAssembly
Native extension for LinuxStandalone target not found
Native extension for WindowsStandalone target not found
Native extension for OSXStandalone target not found
Refreshing native plugins compatible for Editor in 0.77 ms, found 3 plugins.
Preloading 0 native plugins for Editor in 0.00 ms.
Mono: successfully reloaded assembly
- Completed reload, in  1.264 seconds
Domain Reload Profiling:
	ReloadAssembly (1265ms)
		BeginReloadAssembly (139ms)
			ExecutionOrderSort (0ms)
			DisableScriptedObjects (7ms)
			BackupInstance (0ms)
			ReleaseScriptingObjects (0ms)
			CreateAndSetChildDomain (38ms)
		EndReloadAssembly (1061ms)
			LoadAssemblies (136ms)
			RebuildTransferFunctionScriptingTraits (0ms)
			SetupTypeCache (381ms)
			ReleaseScriptCaches (1ms)
			RebuildScriptCaches (51ms)
			SetupLoadedEditorAssemblies (381ms)
				LogAssemblyErrors (0ms)
				InitializePlatformSupportModulesInManaged (11ms)
				SetLoadedEditorAssemblies (1ms)
				RefreshPlugins (1ms)
				BeforeProcessingInitializeOnLoad (105ms)
				ProcessInitializeOnLoadAttributes (244ms)
				ProcessInitializeOnLoadMethodAttributes (15ms)
				AfterProcessingInitializeOnLoad (5ms)
				EditorAssembliesLoaded (0ms)
			ExecutionOrderSort2 (0ms)
			AwakeInstancesAfterBackupRestoration (11ms)
Platform modules already initialized, skipping
Refreshing native plugins compatible for Editor in 0.54 ms, found 3 plugins.
Preloading 0 native plugins for Editor in 0.00 ms.
Unloading 2232 Unused Serialized files (Serialized files now loaded: 0)
System memory in use before: 101.4 MB.
System memory in use after: 101.4 MB.

Unloading 22 unused Assets to reduce memory usage. Loaded Objects now: 2704.
Total: 3.730800 ms (FindLiveObjects: 0.182700 ms CreateObjectMapping: 0.105600 ms MarkObjects: 3.299000 ms  DeleteObjects: 0.142100 ms)

AssetImportParameters requested are different than current active one (requested -> active):
  custom:framework-win-MediaFoundation: 216162199b28c13a410421893ffa2e32 -> 
  custom:video-decoder-ogg-theora: a1e56fd34408186e4bbccfd4996cb3dc -> 
  custom:container-muxer-webm: aa71ff27fc2769a1b78a27578f13a17b -> 
  custom:container-demuxer-webm: 4f35f7cbe854078d1ac9338744f61a02 -> 
  custom:container-demuxer-ogg: 62fdf1f143b41e24485cea50d1cbac27 -> 
  custom:video-encoder-webm-vp8: eb34c28f22e8b96e1ab97ce403110664 -> 
  custom:video-decoder-webm-vp8: 9c59270c3fd7afecdb556c50c9e8de78 -> 
  custom:audio-decoder-ogg-vorbis: bf7c407c2cedff20999df2af8eb42d56 -> 
  custom:audio-encoder-webm-vorbis: bf7c407c2cedff20999df2af8eb42d56 -> 
========================================================================
Received Prepare
Registering precompiled user dll's ...
Registered in 0.009036 seconds.
Begin MonoManager ReloadAssembly
Native extension for LinuxStandalone target not found
Native extension for WindowsStandalone target not found
Native extension for OSXStandalone target not found
Refreshing native plugins compatible for Editor in 1.09 ms, found 3 plugins.
Preloading 0 native plugins for Editor in 0.00 ms.
Mono: successfully reloaded assembly
- Completed reload, in  1.353 seconds
Domain Reload Profiling:
	ReloadAssembly (1354ms)
		BeginReloadAssembly (192ms)
			ExecutionOrderSort (0ms)
			DisableScriptedObjects (11ms)
			BackupInstance (0ms)
			ReleaseScriptingObjects (0ms)
			CreateAndSetChildDomain (47ms)
		EndReloadAssembly (1080ms)
			LoadAssemblies (167ms)
			RebuildTransferFunctionScriptingTraits (0ms)
			SetupTypeCache (381ms)
			ReleaseScriptCaches (1ms)
			RebuildScriptCaches (57ms)
			SetupLoadedEditorAssemblies (386ms)
				LogAssemblyErrors (0ms)
				InitializePlatformSupportModulesInManaged (7ms)
				SetLoadedEditorAssemblies (1ms)
				RefreshPlugins (1ms)
				BeforeProcessingInitializeOnLoad (103ms)
				ProcessInitializeOnLoadAttributes (255ms)
				ProcessInitializeOnLoadMethodAttributes (14ms)
				AfterProcessingInitializeOnLoad (5ms)
				EditorAssembliesLoaded (0ms)
			ExecutionOrderSort2 (0ms)
			AwakeInstancesAfterBackupRestoration (11ms)
Platform modules already initialized, skipping
Refreshing native plugins compatible for Editor in 0.59 ms, found 3 plugins.
Preloading 0 native plugins for Editor in 0.00 ms.
Unloading 2232 Unused Serialized files (Serialized files now loaded: 0)
System memory in use before: 101.4 MB.
System memory in use after: 101.4 MB.

Unloading 22 unused Assets to reduce memory usage. Loaded Objects now: 2707.
Total: 3.720900 ms (FindLiveObjects: 0.172100 ms CreateObjectMapping: 0.110000 ms MarkObjects: 3.298900 ms  DeleteObjects: 0.138600 ms)

AssetImportParameters requested are different than current active one (requested -> active):
  custom:framework-win-MediaFoundation: 216162199b28c13a410421893ffa2e32 -> 
  custom:video-decoder-ogg-theora: a1e56fd34408186e4bbccfd4996cb3dc -> 
  custom:container-muxer-webm: aa71ff27fc2769a1b78a27578f13a17b -> 
  custom:container-demuxer-webm: 4f35f7cbe854078d1ac9338744f61a02 -> 
  custom:container-demuxer-ogg: 62fdf1f143b41e24485cea50d1cbac27 -> 
  custom:video-encoder-webm-vp8: eb34c28f22e8b96e1ab97ce403110664 -> 
  custom:video-decoder-webm-vp8: 9c59270c3fd7afecdb556c50c9e8de78 -> 
  custom:audio-decoder-ogg-vorbis: bf7c407c2cedff20999df2af8eb42d56 -> 
  custom:audio-encoder-webm-vorbis: bf7c407c2cedff20999df2af8eb42d56 -> 
========================================================================
Received Import Request.
  Time since last request: 46.571497 seconds.
  path: Assets/Prefabs/street elements/cheto.prefab
  artifactKey: Guid(243807450ee88d146b5018560b3e778c) Importer(815301076,1909f56bfc062723c751e8b465ee728b)
Start importing Assets/Prefabs/street elements/cheto.prefab using Guid(243807450ee88d146b5018560b3e778c) Importer(815301076,1909f56bfc062723c751e8b465ee728b)  -> (artifact id: '062ce90dc16cd0a4d03d1e6e7fcd049a') in 0.071243 seconds 
========================================================================
Received Import Request.
  Time since last request: 9.460900 seconds.
  path: Assets/Animations/hero/Player.controller
  artifactKey: Guid(f12a16fe11a08ff42ab8c6e479c60750) Importer(815301076,1909f56bfc062723c751e8b465ee728b)
Start importing Assets/Animations/hero/Player.controller using Guid(f12a16fe11a08ff42ab8c6e479c60750) Importer(815301076,1909f56bfc062723c751e8b465ee728b)  -> (artifact id: '00cc64aa1000c284965d75688b1db29c') in 0.015867 seconds 
========================================================================
Received Import Request.
  Time since last request: 202.266351 seconds.
  path: Assets/Scripts/player/Hero.cs
  artifactKey: Guid(3c5ce306bacfb3d4e89666a1d4619836) Importer(815301076,1909f56bfc062723c751e8b465ee728b)
Start importing Assets/Scripts/player/Hero.cs using Guid(3c5ce306bacfb3d4e89666a1d4619836) Importer(815301076,1909f56bfc062723c751e8b465ee728b)  -> (artifact id: '35d49dd9ebd2227560375ee1d650b6d3') in 0.039684 seconds 
========================================================================
Received Import Request.
  Time since last request: 86.621032 seconds.
  path: Assets/Animations/hero/jump.anim
  artifactKey: Guid(95eb65f1551f5e54da941614c4750feb) Importer(815301076,1909f56bfc062723c751e8b465ee728b)
Start importing Assets/Animations/hero/jump.anim using Guid(95eb65f1551f5e54da941614c4750feb) Importer(815301076,1909f56bfc062723c751e8b465ee728b)  -> (artifact id: '8b1a3fe9b42f79edd360359fe9b895a9') in 0.015435 seconds 
========================================================================
Received Import Request.
  Time since last request: 18.401526 seconds.
  path: Assets/Animations/hero/idle_check.anim
  artifactKey: Guid(33f6242ea3aa1bc4883638cd713379e8) Importer(815301076,1909f56bfc062723c751e8b465ee728b)
Start importing Assets/Animations/hero/idle_check.anim using Guid(33f6242ea3aa1bc4883638cd713379e8) Importer(815301076,1909f56bfc062723c751e8b465ee728b)  -> (artifact id: '3be0f7a03536c3aed5b60655440a300d') in 0.013430 seconds 
========================================================================
Received Import Request.
  Time since last request: 90.604824 seconds.
  path: Assets/Animations/hero/Player.controller
  artifactKey: Guid(f12a16fe11a08ff42ab8c6e479c60750) Importer(815301076,1909f56bfc062723c751e8b465ee728b)
Start importing Assets/Animations/hero/Player.controller using Guid(f12a16fe11a08ff42ab8c6e479c60750) Importer(815301076,1909f56bfc062723c751e8b465ee728b)  -> (artifact id: '570fa8f632d5d18eb83a0741458230f0') in 0.009985 seconds 
========================================================================
Received Import Request.
  Time since last request: 6.873399 seconds.
  path: Assets/Animations/hero/run.anim
  artifactKey: Guid(ef356ce5ea23f9e42963fcf38164d978) Importer(815301076,1909f56bfc062723c751e8b465ee728b)
Start importing Assets/Animations/hero/run.anim using Guid(ef356ce5ea23f9e42963fcf38164d978) Importer(815301076,1909f56bfc062723c751e8b465ee728b)  -> (artifact id: '0dfc822eceb0b2a390ef58c7302d3299') in 0.014735 seconds 
========================================================================
Received Import Request.
  Time since last request: 3183.215456 seconds.
  path: Assets/Scenes/night.unity
  artifactKey: Guid(3bd9be180968a0b49aa11fe532ed79d5) Importer(815301076,1909f56bfc062723c751e8b465ee728b)
Start importing Assets/Scenes/night.unity using Guid(3bd9be180968a0b49aa11fe532ed79d5) Importer(815301076,1909f56bfc062723c751e8b465ee728b)  -> (artifact id: 'c1e4d57e605bab2f9fc6f1d206f7a673') in 0.015427 seconds 
========================================================================
Received Import Request.
  Time since last request: 6.132950 seconds.
  path: Assets/Scenes/night 1.unity
  artifactKey: Guid(d2f733da40af5584fa1d5a1ba318b4c0) Importer(815301076,1909f56bfc062723c751e8b465ee728b)
Start importing Assets/Scenes/night 1.unity using Guid(d2f733da40af5584fa1d5a1ba318b4c0) Importer(815301076,1909f56bfc062723c751e8b465ee728b)  -> (artifact id: '17addeb94d2e28e10cb4062533f56815') in 0.010200 seconds 
========================================================================
Received Import Request.
  Time since last request: 4.458949 seconds.
  path: Assets/Scenes/evening.unity
  artifactKey: Guid(d2f733da40af5584fa1d5a1ba318b4c0) Importer(815301076,1909f56bfc062723c751e8b465ee728b)
Start importing Assets/Scenes/evening.unity using Guid(d2f733da40af5584fa1d5a1ba318b4c0) Importer(815301076,1909f56bfc062723c751e8b465ee728b)  -> (artifact id: '25f37519a27c9756ec78d829a27eb7a4') in 0.015226 seconds 
========================================================================
Received Import Request.
  Time since last request: 31.558822 seconds.
  path: Assets/Scenes/Nature_assets.unity
  artifactKey: Guid(d38f3b6ddd7390f44b717e1122bb426a) Importer(815301076,1909f56bfc062723c751e8b465ee728b)
Start importing Assets/Scenes/Nature_assets.unity using Guid(d38f3b6ddd7390f44b717e1122bb426a) Importer(815301076,1909f56bfc062723c751e8b465ee728b)  -> (artifact id: 'eb95cc40a4081a4a4dfd13322c5d8790') in 0.011272 seconds 
========================================================================
Received Import Request.
  Time since last request: 120.074161 seconds.
  path: Assets/Game assets/map/background/evening.png
  artifactKey: Guid(9a6b720deeb60b4418bcbaef0fc9c10e) Importer(815301076,1909f56bfc062723c751e8b465ee728b)
Start importing Assets/Game assets/map/background/evening.png using Guid(9a6b720deeb60b4418bcbaef0fc9c10e) Importer(815301076,1909f56bfc062723c751e8b465ee728b)  -> (artifact id: '96046b9b2b06bc66fb0a929c6ee399f0') in 0.058279 seconds 
========================================================================
Received Import Request.
  Time since last request: 144.695934 seconds.
  path: Assets/Game assets/map/background/sun.png
  artifactKey: Guid(c5767432655da564aac87d32aa0d420d) Importer(815301076,1909f56bfc062723c751e8b465ee728b)
Start importing Assets/Game assets/map/background/sun.png using Guid(c5767432655da564aac87d32aa0d420d) Importer(815301076,1909f56bfc062723c751e8b465ee728b)  -> (artifact id: '1b4404c1e4835310ec589b6456221eac') in 0.018136 seconds 
========================================================================
Received Prepare
Registering precompiled user dll's ...
Registered in 0.023854 seconds.
Begin MonoManager ReloadAssembly
Native extension for LinuxStandalone target not found
Native extension for WindowsStandalone target not found
Native extension for OSXStandalone target not found
Refreshing native plugins compatible for Editor in 0.56 ms, found 3 plugins.
Preloading 0 native plugins for Editor in 0.00 ms.
Mono: successfully reloaded assembly
- Completed reload, in  2.483 seconds
Domain Reload Profiling:
	ReloadAssembly (2484ms)
		BeginReloadAssembly (258ms)
			ExecutionOrderSort (0ms)
			DisableScriptedObjects (10ms)
			BackupInstance (0ms)
			ReleaseScriptingObjects (0ms)
			CreateAndSetChildDomain (67ms)
		EndReloadAssembly (2086ms)
			LoadAssemblies (297ms)
			RebuildTransferFunctionScriptingTraits (0ms)
			SetupTypeCache (726ms)
			ReleaseScriptCaches (1ms)
			RebuildScriptCaches (116ms)
			SetupLoadedEditorAssemblies (754ms)
				LogAssemblyErrors (0ms)
				InitializePlatformSupportModulesInManaged (12ms)
				SetLoadedEditorAssemblies (2ms)
				RefreshPlugins (1ms)
				BeforeProcessingInitializeOnLoad (258ms)
				ProcessInitializeOnLoadAttributes (451ms)
				ProcessInitializeOnLoadMethodAttributes (26ms)
				AfterProcessingInitializeOnLoad (5ms)
				EditorAssembliesLoaded (0ms)
			ExecutionOrderSort2 (0ms)
			AwakeInstancesAfterBackupRestoration (16ms)
Platform modules already initialized, skipping
Refreshing native plugins compatible for Editor in 1.64 ms, found 3 plugins.
Preloading 0 native plugins for Editor in 0.00 ms.
Unloading 2232 Unused Serialized files (Serialized files now loaded: 0)
System memory in use before: 101.6 MB.
System memory in use after: 101.6 MB.

Unloading 22 unused Assets to reduce memory usage. Loaded Objects now: 2715.
Total: 4.116700 ms (FindLiveObjects: 0.356500 ms CreateObjectMapping: 0.174100 ms MarkObjects: 3.453800 ms  DeleteObjects: 0.131200 ms)

AssetImportParameters requested are different than current active one (requested -> active):
  custom:framework-win-MediaFoundation: 216162199b28c13a410421893ffa2e32 -> 
  custom:video-decoder-ogg-theora: a1e56fd34408186e4bbccfd4996cb3dc -> 
  custom:container-muxer-webm: aa71ff27fc2769a1b78a27578f13a17b -> 
  custom:container-demuxer-webm: 4f35f7cbe854078d1ac9338744f61a02 -> 
  custom:container-demuxer-ogg: 62fdf1f143b41e24485cea50d1cbac27 -> 
  custom:video-encoder-webm-vp8: eb34c28f22e8b96e1ab97ce403110664 -> 
  custom:video-decoder-webm-vp8: 9c59270c3fd7afecdb556c50c9e8de78 -> 
  custom:audio-decoder-ogg-vorbis: bf7c407c2cedff20999df2af8eb42d56 -> 
  custom:audio-encoder-webm-vorbis: bf7c407c2cedff20999df2af8eb42d56 -> 
========================================================================
Received Import Request.
  Time since last request: 126.257714 seconds.
  path: Assets/Scenes/evening.unity
  artifactKey: Guid(d2f733da40af5584fa1d5a1ba318b4c0) Importer(815301076,1909f56bfc062723c751e8b465ee728b)
Start importing Assets/Scenes/evening.unity using Guid(d2f733da40af5584fa1d5a1ba318b4c0) Importer(815301076,1909f56bfc062723c751e8b465ee728b)  -> (artifact id: 'e0153879ed0ca512a34167c067c53432') in 0.010250 seconds 
========================================================================
Received Prepare
Registering precompiled user dll's ...
Registered in 0.007317 seconds.
Begin MonoManager ReloadAssembly
Native extension for LinuxStandalone target not found
Native extension for WindowsStandalone target not found
Native extension for OSXStandalone target not found
Refreshing native plugins compatible for Editor in 0.91 ms, found 3 plugins.
Preloading 0 native plugins for Editor in 0.00 ms.
Mono: successfully reloaded assembly
- Completed reload, in  1.930 seconds
Domain Reload Profiling:
	ReloadAssembly (1931ms)
		BeginReloadAssembly (208ms)
			ExecutionOrderSort (0ms)
			DisableScriptedObjects (17ms)
			BackupInstance (0ms)
			ReleaseScriptingObjects (0ms)
			CreateAndSetChildDomain (61ms)
		EndReloadAssembly (1620ms)
			LoadAssemblies (210ms)
			RebuildTransferFunctionScriptingTraits (0ms)
			SetupTypeCache (572ms)
			ReleaseScriptCaches (1ms)
			RebuildScriptCaches (85ms)
			SetupLoadedEditorAssemblies (608ms)
				LogAssemblyErrors (0ms)
				InitializePlatformSupportModulesInManaged (13ms)
				SetLoadedEditorAssemblies (1ms)
				RefreshPlugins (1ms)
				BeforeProcessingInitializeOnLoad (166ms)
				ProcessInitializeOnLoadAttributes (391ms)
				ProcessInitializeOnLoadMethodAttributes (29ms)
				AfterProcessingInitializeOnLoad (8ms)
				EditorAssembliesLoaded (0ms)
			ExecutionOrderSort2 (0ms)
			AwakeInstancesAfterBackupRestoration (17ms)
Platform modules already initialized, skipping
Refreshing native plugins compatible for Editor in 0.87 ms, found 3 plugins.
Preloading 0 native plugins for Editor in 0.00 ms.
Unloading 2232 Unused Serialized files (Serialized files now loaded: 0)
System memory in use before: 101.7 MB.
System memory in use after: 101.7 MB.

Unloading 22 unused Assets to reduce memory usage. Loaded Objects now: 2718.
Total: 7.907800 ms (FindLiveObjects: 0.185700 ms CreateObjectMapping: 0.118400 ms MarkObjects: 7.441700 ms  DeleteObjects: 0.160700 ms)

AssetImportParameters requested are different than current active one (requested -> active):
  custom:framework-win-MediaFoundation: 216162199b28c13a410421893ffa2e32 -> 
  custom:video-decoder-ogg-theora: a1e56fd34408186e4bbccfd4996cb3dc -> 
  custom:container-muxer-webm: aa71ff27fc2769a1b78a27578f13a17b -> 
  custom:container-demuxer-webm: 4f35f7cbe854078d1ac9338744f61a02 -> 
  custom:container-demuxer-ogg: 62fdf1f143b41e24485cea50d1cbac27 -> 
  custom:video-encoder-webm-vp8: eb34c28f22e8b96e1ab97ce403110664 -> 
  custom:video-decoder-webm-vp8: 9c59270c3fd7afecdb556c50c9e8de78 -> 
  custom:audio-decoder-ogg-vorbis: bf7c407c2cedff20999df2af8eb42d56 -> 
  custom:audio-encoder-webm-vorbis: bf7c407c2cedff20999df2af8eb42d56 -> 
========================================================================
Received Prepare
Registering precompiled user dll's ...
Registered in 0.007515 seconds.
Begin MonoManager ReloadAssembly
Native extension for LinuxStandalone target not found
Native extension for WindowsStandalone target not found
Native extension for OSXStandalone target not found
Refreshing native plugins compatible for Editor in 0.62 ms, found 3 plugins.
Preloading 0 native plugins for Editor in 0.00 ms.
Mono: successfully reloaded assembly
- Completed reload, in  1.278 seconds
Domain Reload Profiling:
	ReloadAssembly (1279ms)
		BeginReloadAssembly (144ms)
			ExecutionOrderSort (0ms)
			DisableScriptedObjects (7ms)
			BackupInstance (0ms)
			ReleaseScriptingObjects (0ms)
			CreateAndSetChildDomain (40ms)
		EndReloadAssembly (1070ms)
			LoadAssemblies (138ms)
			RebuildTransferFunctionScriptingTraits (0ms)
			SetupTypeCache (364ms)
			ReleaseScriptCaches (1ms)
			RebuildScriptCaches (57ms)
			SetupLoadedEditorAssemblies (399ms)
				LogAssemblyErrors (0ms)
				InitializePlatformSupportModulesInManaged (8ms)
				SetLoadedEditorAssemblies (1ms)
				RefreshPlugins (1ms)
				BeforeProcessingInitializeOnLoad (107ms)
				ProcessInitializeOnLoadAttributes (262ms)
				ProcessInitializeOnLoadMethodAttributes (16ms)
				AfterProcessingInitializeOnLoad (5ms)
				EditorAssembliesLoaded (0ms)
			ExecutionOrderSort2 (0ms)
			AwakeInstancesAfterBackupRestoration (14ms)
Platform modules already initialized, skipping
Refreshing native plugins compatible for Editor in 0.54 ms, found 3 plugins.
Preloading 0 native plugins for Editor in 0.00 ms.
Unloading 2232 Unused Serialized files (Serialized files now loaded: 0)
System memory in use before: 101.8 MB.
System memory in use after: 101.8 MB.

Unloading 22 unused Assets to reduce memory usage. Loaded Objects now: 2721.
Total: 3.318200 ms (FindLiveObjects: 0.184500 ms CreateObjectMapping: 0.109800 ms MarkObjects: 2.893200 ms  DeleteObjects: 0.129600 ms)

AssetImportParameters requested are different than current active one (requested -> active):
  custom:framework-win-MediaFoundation: 216162199b28c13a410421893ffa2e32 -> 
  custom:video-decoder-ogg-theora: a1e56fd34408186e4bbccfd4996cb3dc -> 
  custom:container-muxer-webm: aa71ff27fc2769a1b78a27578f13a17b -> 
  custom:container-demuxer-webm: 4f35f7cbe854078d1ac9338744f61a02 -> 
  custom:container-demuxer-ogg: 62fdf1f143b41e24485cea50d1cbac27 -> 
  custom:video-encoder-webm-vp8: eb34c28f22e8b96e1ab97ce403110664 -> 
  custom:video-decoder-webm-vp8: 9c59270c3fd7afecdb556c50c9e8de78 -> 
  custom:audio-decoder-ogg-vorbis: bf7c407c2cedff20999df2af8eb42d56 -> 
  custom:audio-encoder-webm-vorbis: bf7c407c2cedff20999df2af8eb42d56 -> 
========================================================================
Received Prepare
Registering precompiled user dll's ...
Registered in 0.020222 seconds.
Begin MonoManager ReloadAssembly
Native extension for LinuxStandalone target not found
Native extension for WindowsStandalone target not found
Native extension for OSXStandalone target not found
Refreshing native plugins compatible for Editor in 0.55 ms, found 3 plugins.
Preloading 0 native plugins for Editor in 0.00 ms.
Mono: successfully reloaded assembly
- Completed reload, in  1.230 seconds
Domain Reload Profiling:
	ReloadAssembly (1231ms)
		BeginReloadAssembly (163ms)
			ExecutionOrderSort (0ms)
			DisableScriptedObjects (8ms)
			BackupInstance (0ms)
			ReleaseScriptingObjects (0ms)
			CreateAndSetChildDomain (46ms)
		EndReloadAssembly (995ms)
			LoadAssemblies (152ms)
			RebuildTransferFunctionScriptingTraits (0ms)
			SetupTypeCache (335ms)
			ReleaseScriptCaches (1ms)
			RebuildScriptCaches (53ms)
			SetupLoadedEditorAssemblies (372ms)
				LogAssemblyErrors (0ms)
				InitializePlatformSupportModulesInManaged (8ms)
				SetLoadedEditorAssemblies (1ms)
				RefreshPlugins (1ms)
				BeforeProcessingInitializeOnLoad (102ms)
				ProcessInitializeOnLoadAttributes (243ms)
				ProcessInitializeOnLoadMethodAttributes (13ms)
				AfterProcessingInitializeOnLoad (5ms)
				EditorAssembliesLoaded (0ms)
			ExecutionOrderSort2 (0ms)
			AwakeInstancesAfterBackupRestoration (10ms)
Platform modules already initialized, skipping
Refreshing native plugins compatible for Editor in 0.54 ms, found 3 plugins.
Preloading 0 native plugins for Editor in 0.00 ms.
Unloading 2232 Unused Serialized files (Serialized files now loaded: 0)
System memory in use before: 101.8 MB.
System memory in use after: 101.8 MB.

Unloading 22 unused Assets to reduce memory usage. Loaded Objects now: 2724.
Total: 3.889500 ms (FindLiveObjects: 0.214300 ms CreateObjectMapping: 0.114200 ms MarkObjects: 3.419200 ms  DeleteObjects: 0.140400 ms)

AssetImportParameters requested are different than current active one (requested -> active):
  custom:framework-win-MediaFoundation: 216162199b28c13a410421893ffa2e32 -> 
  custom:video-decoder-ogg-theora: a1e56fd34408186e4bbccfd4996cb3dc -> 
  custom:container-muxer-webm: aa71ff27fc2769a1b78a27578f13a17b -> 
  custom:container-demuxer-webm: 4f35f7cbe854078d1ac9338744f61a02 -> 
  custom:container-demuxer-ogg: 62fdf1f143b41e24485cea50d1cbac27 -> 
  custom:video-encoder-webm-vp8: eb34c28f22e8b96e1ab97ce403110664 -> 
  custom:video-decoder-webm-vp8: 9c59270c3fd7afecdb556c50c9e8de78 -> 
  custom:audio-decoder-ogg-vorbis: bf7c407c2cedff20999df2af8eb42d56 -> 
  custom:audio-encoder-webm-vorbis: bf7c407c2cedff20999df2af8eb42d56 -> 
========================================================================
Received Prepare
Registering precompiled user dll's ...
Registered in 0.024234 seconds.
Begin MonoManager ReloadAssembly
Native extension for LinuxStandalone target not found
Native extension for WindowsStandalone target not found
Native extension for OSXStandalone target not found
Refreshing native plugins compatible for Editor in 0.85 ms, found 3 plugins.
Preloading 0 native plugins for Editor in 0.00 ms.
Mono: successfully reloaded assembly
- Completed reload, in  2.926 seconds
Domain Reload Profiling:
	ReloadAssembly (2927ms)
		BeginReloadAssembly (273ms)
			ExecutionOrderSort (0ms)
			DisableScriptedObjects (12ms)
			BackupInstance (0ms)
			ReleaseScriptingObjects (0ms)
			CreateAndSetChildDomain (71ms)
		EndReloadAssembly (2505ms)
			LoadAssemblies (412ms)
			RebuildTransferFunctionScriptingTraits (0ms)
			SetupTypeCache (778ms)
			ReleaseScriptCaches (2ms)
			RebuildScriptCaches (222ms)
			SetupLoadedEditorAssemblies (831ms)
				LogAssemblyErrors (0ms)
				InitializePlatformSupportModulesInManaged (15ms)
				SetLoadedEditorAssemblies (1ms)
				RefreshPlugins (3ms)
				BeforeProcessingInitializeOnLoad (216ms)
				ProcessInitializeOnLoadAttributes (564ms)
				ProcessInitializeOnLoadMethodAttributes (24ms)
				AfterProcessingInitializeOnLoad (7ms)
				EditorAssembliesLoaded (0ms)
			ExecutionOrderSort2 (0ms)
			AwakeInstancesAfterBackupRestoration (20ms)
Platform modules already initialized, skipping
Refreshing native plugins compatible for Editor in 0.72 ms, found 3 plugins.
Preloading 0 native plugins for Editor in 0.00 ms.
Unloading 2232 Unused Serialized files (Serialized files now loaded: 0)
System memory in use before: 101.8 MB.
System memory in use after: 101.8 MB.

Unloading 22 unused Assets to reduce memory usage. Loaded Objects now: 2727.
Total: 5.086400 ms (FindLiveObjects: 0.186100 ms CreateObjectMapping: 0.111300 ms MarkObjects: 4.654500 ms  DeleteObjects: 0.133400 ms)

AssetImportParameters requested are different than current active one (requested -> active):
  custom:framework-win-MediaFoundation: 216162199b28c13a410421893ffa2e32 -> 
  custom:video-decoder-ogg-theora: a1e56fd34408186e4bbccfd4996cb3dc -> 
  custom:container-muxer-webm: aa71ff27fc2769a1b78a27578f13a17b -> 
  custom:container-demuxer-webm: 4f35f7cbe854078d1ac9338744f61a02 -> 
  custom:container-demuxer-ogg: 62fdf1f143b41e24485cea50d1cbac27 -> 
  custom:video-encoder-webm-vp8: eb34c28f22e8b96e1ab97ce403110664 -> 
  custom:video-decoder-webm-vp8: 9c59270c3fd7afecdb556c50c9e8de78 -> 
  custom:audio-decoder-ogg-vorbis: bf7c407c2cedff20999df2af8eb42d56 -> 
  custom:audio-encoder-webm-vorbis: bf7c407c2cedff20999df2af8eb42d56 -> 
========================================================================
Received Prepare
Registering precompiled user dll's ...
Registered in 0.010883 seconds.
Begin MonoManager ReloadAssembly
Native extension for LinuxStandalone target not found
Native extension for WindowsStandalone target not found
Native extension for OSXStandalone target not found
Refreshing native plugins compatible for Editor in 0.83 ms, found 3 plugins.
Preloading 0 native plugins for Editor in 0.00 ms.
Mono: successfully reloaded assembly
- Completed reload, in  1.276 seconds
Domain Reload Profiling:
	ReloadAssembly (1277ms)
		BeginReloadAssembly (151ms)
			ExecutionOrderSort (0ms)
			DisableScriptedObjects (8ms)
			BackupInstance (0ms)
			ReleaseScriptingObjects (0ms)
			CreateAndSetChildDomain (39ms)
		EndReloadAssembly (1056ms)
			LoadAssemblies (146ms)
			RebuildTransferFunctionScriptingTraits (0ms)
			SetupTypeCache (348ms)
			ReleaseScriptCaches (1ms)
			RebuildScriptCaches (53ms)
			SetupLoadedEditorAssemblies (359ms)
				LogAssemblyErrors (0ms)
				InitializePlatformSupportModulesInManaged (8ms)
				SetLoadedEditorAssemblies (1ms)
				RefreshPlugins (1ms)
				BeforeProcessingInitializeOnLoad (98ms)
				ProcessInitializeOnLoadAttributes (233ms)
				ProcessInitializeOnLoadMethodAttributes (13ms)
				AfterProcessingInitializeOnLoad (5ms)
				EditorAssembliesLoaded (0ms)
			ExecutionOrderSort2 (0ms)
			AwakeInstancesAfterBackupRestoration (11ms)
Platform modules already initialized, skipping
Refreshing native plugins compatible for Editor in 0.60 ms, found 3 plugins.
Preloading 0 native plugins for Editor in 0.00 ms.
Unloading 2232 Unused Serialized files (Serialized files now loaded: 0)
System memory in use before: 101.7 MB.
System memory in use after: 101.7 MB.

Unloading 22 unused Assets to reduce memory usage. Loaded Objects now: 2730.
Total: 3.435600 ms (FindLiveObjects: 0.195100 ms CreateObjectMapping: 0.106500 ms MarkObjects: 2.976400 ms  DeleteObjects: 0.156500 ms)

AssetImportParameters requested are different than current active one (requested -> active):
  custom:framework-win-MediaFoundation: 216162199b28c13a410421893ffa2e32 -> 
  custom:video-decoder-ogg-theora: a1e56fd34408186e4bbccfd4996cb3dc -> 
  custom:container-muxer-webm: aa71ff27fc2769a1b78a27578f13a17b -> 
  custom:container-demuxer-webm: 4f35f7cbe854078d1ac9338744f61a02 -> 
  custom:container-demuxer-ogg: 62fdf1f143b41e24485cea50d1cbac27 -> 
  custom:video-encoder-webm-vp8: eb34c28f22e8b96e1ab97ce403110664 -> 
  custom:video-decoder-webm-vp8: 9c59270c3fd7afecdb556c50c9e8de78 -> 
  custom:audio-decoder-ogg-vorbis: bf7c407c2cedff20999df2af8eb42d56 -> 
  custom:audio-encoder-webm-vorbis: bf7c407c2cedff20999df2af8eb42d56 -> 
========================================================================
Received Import Request.
  Time since last request: 691.360023 seconds.
  path: Assets/Scenes/Nature_props_showcase.unity
  artifactKey: Guid(6bbe50710129d0149ab951136c5115d0) Importer(815301076,1909f56bfc062723c751e8b465ee728b)
Start importing Assets/Scenes/Nature_props_showcase.unity using Guid(6bbe50710129d0149ab951136c5115d0) Importer(815301076,1909f56bfc062723c751e8b465ee728b)  -> (artifact id: 'ec4391d58e9d4a36cf0b2c2bde8d5ae9') in 0.016331 seconds 
========================================================================
Received Import Request.
  Time since last request: 5.011147 seconds.
  path: Assets/Scenes/night 1.unity
  artifactKey: Guid(5a85ffaeb55df73418ee17e52aee9c78) Importer(815301076,1909f56bfc062723c751e8b465ee728b)
Start importing Assets/Scenes/night 1.unity using Guid(5a85ffaeb55df73418ee17e52aee9c78) Importer(815301076,1909f56bfc062723c751e8b465ee728b)  -> (artifact id: 'e4954792d784449ce4970bea60fe0661') in 0.015348 seconds 
========================================================================
Received Import Request.
  Time since last request: 3.305004 seconds.
  path: Assets/Scenes/morning.unity
  artifactKey: Guid(5a85ffaeb55df73418ee17e52aee9c78) Importer(815301076,1909f56bfc062723c751e8b465ee728b)
Start importing Assets/Scenes/morning.unity using Guid(5a85ffaeb55df73418ee17e52aee9c78) Importer(815301076,1909f56bfc062723c751e8b465ee728b)  -> (artifact id: '75c6eedfe22300b6c9d47f8bc3ae2c81') in 0.019621 seconds 
========================================================================
Received Import Request.
  Time since last request: 149.959640 seconds.
  path: Assets/do we need these ones/Enemy Galore 1 - Pixel Art/Sprites/Pebble/Pebble_Death.png
  artifactKey: Guid(19175d15c64903a4586f8e4681d9b258) Importer(815301076,1909f56bfc062723c751e8b465ee728b)
Start importing Assets/do we need these ones/Enemy Galore 1 - Pixel Art/Sprites/Pebble/Pebble_Death.png using Guid(19175d15c64903a4586f8e4681d9b258) Importer(815301076,1909f56bfc062723c751e8b465ee728b)  -> (artifact id: 'd1cd35c8062ed22c862d001bdf8ef152') in 0.131187 seconds 
========================================================================
Received Import Request.
  Time since last request: 0.000466 seconds.
  path: Assets/do we need these ones/Enemy Galore 1 - Pixel Art/Sprites/Pebble/Pebble_Full.png
  artifactKey: Guid(3b7cf830c61f98a4292d1d257bab26a8) Importer(815301076,1909f56bfc062723c751e8b465ee728b)
Start importing Assets/do we need these ones/Enemy Galore 1 - Pixel Art/Sprites/Pebble/Pebble_Full.png using Guid(3b7cf830c61f98a4292d1d257bab26a8) Importer(815301076,1909f56bfc062723c751e8b465ee728b)  -> (artifact id: '2a7290403cc85c3ea09d81d83138a349') in 0.133928 seconds 
========================================================================
Received Prepare
Registering precompiled user dll's ...
Registered in 0.007626 seconds.
Begin MonoManager ReloadAssembly
Native extension for LinuxStandalone target not found
Native extension for WindowsStandalone target not found
Native extension for OSXStandalone target not found
Refreshing native plugins compatible for Editor in 0.65 ms, found 3 plugins.
Preloading 0 native plugins for Editor in 0.00 ms.
Mono: successfully reloaded assembly
- Completed reload, in  1.316 seconds
Domain Reload Profiling:
	ReloadAssembly (1317ms)
		BeginReloadAssembly (157ms)
			ExecutionOrderSort (0ms)
			DisableScriptedObjects (7ms)
			BackupInstance (0ms)
			ReleaseScriptingObjects (0ms)
			CreateAndSetChildDomain (49ms)
		EndReloadAssembly (1087ms)
			LoadAssemblies (147ms)
			RebuildTransferFunctionScriptingTraits (0ms)
			SetupTypeCache (369ms)
			ReleaseScriptCaches (1ms)
			RebuildScriptCaches (56ms)
			SetupLoadedEditorAssemblies (401ms)
				LogAssemblyErrors (0ms)
				InitializePlatformSupportModulesInManaged (9ms)
				SetLoadedEditorAssemblies (1ms)
				RefreshPlugins (1ms)
				BeforeProcessingInitializeOnLoad (104ms)
				ProcessInitializeOnLoadAttributes (265ms)
				ProcessInitializeOnLoadMethodAttributes (16ms)
				AfterProcessingInitializeOnLoad (5ms)
				EditorAssembliesLoaded (0ms)
			ExecutionOrderSort2 (0ms)
			AwakeInstancesAfterBackupRestoration (16ms)
Platform modules already initialized, skipping
Refreshing native plugins compatible for Editor in 0.58 ms, found 3 plugins.
Preloading 0 native plugins for Editor in 0.00 ms.
Unloading 2232 Unused Serialized files (Serialized files now loaded: 0)
System memory in use before: 101.7 MB.
System memory in use after: 101.8 MB.

Unloading 22 unused Assets to reduce memory usage. Loaded Objects now: 2737.
Total: 4.120500 ms (FindLiveObjects: 0.188900 ms CreateObjectMapping: 0.118800 ms MarkObjects: 3.680000 ms  DeleteObjects: 0.131400 ms)

AssetImportParameters requested are different than current active one (requested -> active):
  custom:framework-win-MediaFoundation: 216162199b28c13a410421893ffa2e32 -> 
  custom:video-decoder-ogg-theora: a1e56fd34408186e4bbccfd4996cb3dc -> 
  custom:container-muxer-webm: aa71ff27fc2769a1b78a27578f13a17b -> 
  custom:container-demuxer-webm: 4f35f7cbe854078d1ac9338744f61a02 -> 
  custom:container-demuxer-ogg: 62fdf1f143b41e24485cea50d1cbac27 -> 
  custom:video-encoder-webm-vp8: eb34c28f22e8b96e1ab97ce403110664 -> 
  custom:video-decoder-webm-vp8: 9c59270c3fd7afecdb556c50c9e8de78 -> 
  custom:audio-decoder-ogg-vorbis: bf7c407c2cedff20999df2af8eb42d56 -> 
  custom:audio-encoder-webm-vorbis: bf7c407c2cedff20999df2af8eb42d56 -> 
AssetImportWorkerClient::OnTransportError - code=2 error=End of file
